Using pre-set license
Built from '2021.3/staging' branch; Version is '2021.3.21f1 (1b156197d683) revision 1774945'; Using compiler version '192829333'; Build Type 'Release'
OS: 'Windows 10  (10.0.19045) 64bit Professional' Language: 'en' Physical Memory: 16283 MB
BatchMode: 1, IsHumanControllingUs: 0, StartBugReporterOnCrash: 0, Is64bit: 1, IsPro: 1

COMMAND LINE ARGUMENTS:
C:\Program Files\Unity\Hub\Editor\2021.3.21f1\Editor\Unity.exe
-adb2
-batchMode
-noUpm
-name
AssetImportWorker0
-projectPath
C:/Users/anasa/Unity Projects/The-Game
-logFile
Logs/AssetImportWorker0.log
-srvPort
5081
Successfully changed project path to: C:/Users/anasa/Unity Projects/The-Game
C:/Users/anasa/Unity Projects/The-Game
[UnityMemory] Configuration Parameters - Can be set up in boot.config
    "memorysetup-bucket-allocator-granularity=16"
    "memorysetup-bucket-allocator-bucket-count=8"
    "memorysetup-bucket-allocator-block-size=33554432"
    "memorysetup-bucket-allocator-block-count=8"
    "memorysetup-main-allocator-block-size=16777216"
    "memorysetup-thread-allocator-block-size=16777216"
    "memorysetup-gfx-main-allocator-block-size=16777216"
    "memorysetup-gfx-thread-allocator-block-size=16777216"
    "memorysetup-cache-allocator-block-size=4194304"
    "memorysetup-typetree-allocator-block-size=2097152"
    "memorysetup-profiler-bucket-allocator-granularity=16"
    "memorysetup-profiler-bucket-allocator-bucket-count=8"
    "memorysetup-profiler-bucket-allocator-block-size=33554432"
    "memorysetup-profiler-bucket-allocator-block-count=8"
    "memorysetup-profiler-allocator-block-size=16777216"
    "memorysetup-profiler-editor-allocator-block-size=1048576"
    "memorysetup-temp-allocator-size-main=16777216"
    "memorysetup-job-temp-allocator-block-size=2097152"
    "memorysetup-job-temp-allocator-block-size-background=1048576"
    "memorysetup-job-temp-allocator-reduction-small-platforms=262144"
    "memorysetup-temp-allocator-size-background-worker=32768"
    "memorysetup-temp-allocator-size-job-worker=262144"
    "memorysetup-temp-allocator-size-preload-manager=33554432"
    "memorysetup-temp-allocator-size-nav-mesh-worker=65536"
    "memorysetup-temp-allocator-size-audio-worker=65536"
    "memorysetup-temp-allocator-size-cloud-worker=32768"
    "memorysetup-temp-allocator-size-gi-baking-worker=262144"
    "memorysetup-temp-allocator-size-gfx=262144"
Player connection [14808] Host "[IP] 10.17.0.11 [Port] 0 [Flags] 2 [Guid] 2453071903 [EditorId] 2453071903 [Version] 1048832 [Id] WindowsEditor(7,ASK-029) [Debug] 1 [PackageName] WindowsEditor [ProjectName] Editor" joined multi-casting on [225.0.0.222:54997]...

Player connection [14808] Host "[IP] 10.17.0.11 [Port] 0 [Flags] 2 [Guid] 2453071903 [EditorId] 2453071903 [Version] 1048832 [Id] WindowsEditor(7,ASK-029) [Debug] 1 [PackageName] WindowsEditor [ProjectName] Editor" joined alternative multi-casting on [225.0.0.222:34997]...

Refreshing native plugins compatible for Editor in 257.35 ms, found 4 plugins.
Preloading 0 native plugins for Editor in 0.00 ms.
Initialize engine version: 2021.3.21f1 (1b156197d683)
[Subsystems] Discovering subsystems at path C:/Program Files/Unity/Hub/Editor/2021.3.21f1/Editor/Data/Resources/UnitySubsystems
[Subsystems] Discovering subsystems at path C:/Users/anasa/Unity Projects/The-Game/Assets
GfxDevice: creating device client; threaded=0; jobified=0
Direct3D:
    Version:  Direct3D 11.0 [level 11.1]
    Renderer: Intel(R) HD Graphics 520 (ID=0x1916)
    Vendor:   Intel
    VRAM:     8141 MB
    Driver:   31.0.101.2111
Initialize mono
Mono path[0] = 'C:/Program Files/Unity/Hub/Editor/2021.3.21f1/Editor/Data/Managed'
Mono path[1] = 'C:/Program Files/Unity/Hub/Editor/2021.3.21f1/Editor/Data/MonoBleedingEdge/lib/mono/unityjit-win32'
Mono config path = 'C:/Program Files/Unity/Hub/Editor/2021.3.21f1/Editor/Data/MonoBleedingEdge/etc'
Using monoOptions --debugger-agent=transport=dt_socket,embedding=1,server=y,suspend=n,address=127.0.0.1:56804
Begin MonoManager ReloadAssembly
Registering precompiled unity dll's ...
Register platform support module: C:/Program Files/Unity/Hub/Editor/2021.3.21f1/Editor/Data/PlaybackEngines/WebGLSupport/UnityEditor.WebGL.Extensions.dll
Register platform support module: C:/Program Files/Unity/Hub/Editor/2021.3.21f1/Editor/Data/PlaybackEngines/WindowsStandaloneSupport/UnityEditor.WindowsStandalone.Extensions.dll
Registered in 0.019952 seconds.
Native extension for WindowsStandalone target not found
Native extension for WebGL target not found
Refreshing native plugins compatible for Editor in 252.25 ms, found 4 plugins.
Preloading 0 native plugins for Editor in 0.00 ms.
Mono: successfully reloaded assembly
- Completed reload, in  1.759 seconds
Domain Reload Profiling:
	ReloadAssembly (1761ms)
		BeginReloadAssembly (197ms)
			ExecutionOrderSort (0ms)
			DisableScriptedObjects (0ms)
			BackupInstance (0ms)
			ReleaseScriptingObjects (0ms)
			CreateAndSetChildDomain (2ms)
		EndReloadAssembly (1305ms)
			LoadAssemblies (192ms)
			RebuildTransferFunctionScriptingTraits (0ms)
			SetupTypeCache (279ms)
			ReleaseScriptCaches (0ms)
			RebuildScriptCaches (81ms)
			SetupLoadedEditorAssemblies (821ms)
				LogAssemblyErrors (0ms)
				InitializePlatformSupportModulesInManaged (22ms)
				SetLoadedEditorAssemblies (0ms)
				RefreshPlugins (252ms)
				BeforeProcessingInitializeOnLoad (2ms)
				ProcessInitializeOnLoadAttributes (391ms)
				ProcessInitializeOnLoadMethodAttributes (153ms)
				AfterProcessingInitializeOnLoad (0ms)
				EditorAssembliesLoaded (0ms)
			ExecutionOrderSort2 (0ms)
			AwakeInstancesAfterBackupRestoration (0ms)
Platform modules already initialized, skipping
Registering precompiled user dll's ...
Registered in 0.021817 seconds.
Begin MonoManager ReloadAssembly
Symbol file LoadedFromMemory doesn't match image C:\Users\anasa\Unity Projects\The-Game\Library\PackageCache\com.unity.visualscripting@1.8.0\Editor\VisualScripting.Core\Dependencies\YamlDotNet\Unity.VisualScripting.YamlDotNet.dll
Symbol file LoadedFromMemory doesn't match image C:\Users\anasa\Unity Projects\The-Game\Library\PackageCache\com.unity.visualscripting@1.8.0\Editor\VisualScripting.Core\Dependencies\DotNetZip\Unity.VisualScripting.IonicZip.dll
Native extension for WindowsStandalone target not found
Native extension for WebGL target not found
Refreshing native plugins compatible for Editor in 274.13 ms, found 4 plugins.
Preloading 0 native plugins for Editor in 0.00 ms.
Mono: successfully reloaded assembly
- Completed reload, in  3.697 seconds
Domain Reload Profiling:
	ReloadAssembly (3699ms)
		BeginReloadAssembly (378ms)
			ExecutionOrderSort (0ms)
			DisableScriptedObjects (18ms)
			BackupInstance (0ms)
			ReleaseScriptingObjects (0ms)
			CreateAndSetChildDomain (38ms)
		EndReloadAssembly (3017ms)
			LoadAssemblies (309ms)
			RebuildTransferFunctionScriptingTraits (0ms)
			SetupTypeCache (798ms)
			ReleaseScriptCaches (2ms)
			RebuildScriptCaches (215ms)
			SetupLoadedEditorAssemblies (1641ms)
				LogAssemblyErrors (0ms)
				InitializePlatformSupportModulesInManaged (13ms)
				SetLoadedEditorAssemblies (0ms)
				RefreshPlugins (274ms)
				BeforeProcessingInitializeOnLoad (247ms)
				ProcessInitializeOnLoadAttributes (936ms)
				ProcessInitializeOnLoadMethodAttributes (143ms)
				AfterProcessingInitializeOnLoad (26ms)
				EditorAssembliesLoaded (1ms)
			ExecutionOrderSort2 (0ms)
			AwakeInstancesAfterBackupRestoration (21ms)
Platform modules already initialized, skipping
========================================================================
Worker process is ready to serve import requests
Launched and connected shader compiler UnityShaderCompiler.exe after 0.12 seconds
Refreshing native plugins compatible for Editor in 2.54 ms, found 4 plugins.
Preloading 0 native plugins for Editor in 0.00 ms.
Unloading 4262 Unused Serialized files (Serialized files now loaded: 0)
Unloading 51 unused Assets / (129.4 KB). Loaded Objects now: 4722.
Memory consumption went from 162.1 MB to 162.0 MB.
Total: 9.357300 ms (FindLiveObjects: 0.641000 ms CreateObjectMapping: 0.946300 ms MarkObjects: 7.581100 ms  DeleteObjects: 0.187700 ms)

AssetImportParameters requested are different than current active one (requested -> active):
  custom:video-decoder-ogg-theora: a1e56fd34408186e4bbccfd4996cb3dc -> 
  custom:container-muxer-webm: aa71ff27fc2769a1b78a27578f13a17b -> 
  custom:container-demuxer-webm: 4f35f7cbe854078d1ac9338744f61a02 -> 
  custom:video-encoder-webm-vp8: eb34c28f22e8b96e1ab97ce403110664 -> 
  custom:audio-encoder-webm-vorbis: bf7c407c2cedff20999df2af8eb42d56 -> 
  custom:framework-win-MediaFoundation: 216162199b28c13a410421893ffa2e32 -> 
  custom:container-demuxer-ogg: 62fdf1f143b41e24485cea50d1cbac27 -> 
  custom:video-decoder-webm-vp8: 9c59270c3fd7afecdb556c50c9e8de78 -> 
  custom:audio-decoder-ogg-vorbis: bf7c407c2cedff20999df2af8eb42d56 -> 
========================================================================
Received Import Request.
  Time since last request: 2493.841128 seconds.
  path: Assets/Scenes/SampleScene.unity
  artifactKey: Guid(2cda990e2423bbf4892e6590ba056729) Importer(815301076,1909f56bfc062723c751e8b465ee728b)
Start importing Assets/Scenes/SampleScene.unity using Guid(2cda990e2423bbf4892e6590ba056729) Importer(815301076,1909f56bfc062723c751e8b465ee728b)  -> (artifact id: 'c30a7f491eb4e530e5328efe3187b2ba') in 0.034543 seconds 
========================================================================
Received Import Request.
  Time since last request: 0.000068 seconds.
  path: Assets/Scenes/CompilerScene.unity
  artifactKey: Guid(674a73c077b882541bd229cd0f0d018e) Importer(815301076,1909f56bfc062723c751e8b465ee728b)
Start importing Assets/Scenes/CompilerScene.unity using Guid(674a73c077b882541bd229cd0f0d018e) Importer(815301076,1909f56bfc062723c751e8b465ee728b)  -> (artifact id: '408cfe38f57facc49d448f043e525675') in 0.039570 seconds 
========================================================================
Received Import Request.
  Time since last request: 407.412645 seconds.
  path: Assets/Animation/State Driven Camera Blends.asset
  artifactKey: Guid(24f488d6775313140a2a52a7958b63bd) Importer(815301076,1909f56bfc062723c751e8b465ee728b)
Start importing Assets/Animation/State Driven Camera Blends.asset using Guid(24f488d6775313140a2a52a7958b63bd) Importer(815301076,1909f56bfc062723c751e8b465ee728b)  -> (artifact id: '336aed46dfa2767b33e3eaa190cab8b6') in 0.109801 seconds 
========================================================================
Received Import Request.
  Time since last request: 5.814581 seconds.
  path: Assets/Animation/Player.controller
  artifactKey: Guid(dfaa2f0975d3ed94abce08beb8574b94) Importer(815301076,1909f56bfc062723c751e8b465ee728b)
Start importing Assets/Animation/Player.controller using Guid(dfaa2f0975d3ed94abce08beb8574b94) Importer(815301076,1909f56bfc062723c751e8b465ee728b)  -> (artifact id: '5d3a7aa923f22d3dd9d37b3031792759') in 0.071309 seconds 
========================================================================
Received Import Request.
  Time since last request: 21.247134 seconds.
  path: Assets/Sprites & Tiles/ENV.jpg
  artifactKey: Guid(1bb58190a7e81f841be890e8d5ffc388) Importer(815301076,1909f56bfc062723c751e8b465ee728b)
Start importing Assets/Sprites & Tiles/ENV.jpg using Guid(1bb58190a7e81f841be890e8d5ffc388) Importer(815301076,1909f56bfc062723c751e8b465ee728b)  -> (artifact id: '591ca61bc320c95413a75a6f1451b12e') in 0.247521 seconds 
========================================================================
Received Import Request.
  Time since last request: 4.699457 seconds.
  path: Assets/Sprites & Tiles/Tiles
  artifactKey: Guid(1177d33a7ce356249aaed0569e94ee10) Importer(815301076,1909f56bfc062723c751e8b465ee728b)
Start importing Assets/Sprites & Tiles/Tiles using Guid(1177d33a7ce356249aaed0569e94ee10) Importer(815301076,1909f56bfc062723c751e8b465ee728b)  -> (artifact id: 'c7de75944a0f15214f231acfdad07f05') in 0.019339 seconds 
========================================================================
Received Import Request.
  Time since last request: 1.344477 seconds.
  path: Assets/Sprites & Tiles/Sprites
  artifactKey: Guid(0060416b602da274688eb4941f6129c3) Importer(815301076,1909f56bfc062723c751e8b465ee728b)
Start importing Assets/Sprites & Tiles/Sprites using Guid(0060416b602da274688eb4941f6129c3) Importer(815301076,1909f56bfc062723c751e8b465ee728b)  -> (artifact id: 'dc152c0b2845fe7d2fac3e3a2435d36f') in 0.033163 seconds 
========================================================================
Received Import Request.
  Time since last request: 0.051266 seconds.
  path: Assets/Sprites & Tiles/Sprites/Background1.png
  artifactKey: Guid(8a8b4df47beb07c4e81ddd4e04f427ff) Importer(815301076,1909f56bfc062723c751e8b465ee728b)
Start importing Assets/Sprites & Tiles/Sprites/Background1.png using Guid(8a8b4df47beb07c4e81ddd4e04f427ff) Importer(815301076,1909f56bfc062723c751e8b465ee728b)  -> (artifact id: 'e11d2bdc9c797ef9690997c1b1dcdde3') in 0.064477 seconds 
========================================================================
Received Import Request.
  Time since last request: 1.081359 seconds.
  path: Assets/Sprites & Tiles/Sprites/DashDirectionIndicator.png
  artifactKey: Guid(7eabc4d3e26b9624f8e23e6c0ec1ee62) Importer(815301076,1909f56bfc062723c751e8b465ee728b)
Start importing Assets/Sprites & Tiles/Sprites/DashDirectionIndicator.png using Guid(7eabc4d3e26b9624f8e23e6c0ec1ee62) Importer(815301076,1909f56bfc062723c751e8b465ee728b)  -> (artifact id: '016e8b7d5a3d6082f75b81c4f7671963') in 0.030822 seconds 
========================================================================
Received Import Request.
  Time since last request: 1.828209 seconds.
  path: Assets/Sprites & Tiles/Sprites/pixil-frame-0.png
  artifactKey: Guid(ecb346209a41274499244faf7aae3888) Importer(815301076,1909f56bfc062723c751e8b465ee728b)
Start importing Assets/Sprites & Tiles/Sprites/pixil-frame-0.png using Guid(ecb346209a41274499244faf7aae3888) Importer(815301076,1909f56bfc062723c751e8b465ee728b)  -> (artifact id: '1bd48dc1137538b4bbe4c3922633718f') in 0.052886 seconds 
========================================================================
Received Import Request.
  Time since last request: 792.077255 seconds.
  path: Assets/Scenes/SampleScene 1.unity
  artifactKey: Guid(6c87f395d8f0af441bc454623150c127) Importer(815301076,1909f56bfc062723c751e8b465ee728b)
Start importing Assets/Scenes/SampleScene 1.unity using Guid(6c87f395d8f0af441bc454623150c127) Importer(815301076,1909f56bfc062723c751e8b465ee728b)  -> (artifact id: '15c78dba48e9df36b11e1dde3eb47b02') in 0.033130 seconds 
========================================================================
Received Import Request.
  Time since last request: 29.433714 seconds.
  path: Assets/Scenes/my_scene.unity
  artifactKey: Guid(2cda990e2423bbf4892e6590ba056729) Importer(815301076,1909f56bfc062723c751e8b465ee728b)
Start importing Assets/Scenes/my_scene.unity using Guid(2cda990e2423bbf4892e6590ba056729) Importer(815301076,1909f56bfc062723c751e8b465ee728b)  -> (artifact id: '43596c2a52ce248577e8427258c64045') in 0.033454 seconds 
========================================================================
Received Import Request.
  Time since last request: 77.945168 seconds.
  path: Assets/Sprites & Tiles/Sprites/idle
  artifactKey: Guid(fe117eb0829993249a82cf430be45aae) Importer(815301076,1909f56bfc062723c751e8b465ee728b)
Start importing Assets/Sprites & Tiles/Sprites/idle using Guid(fe117eb0829993249a82cf430be45aae) Importer(815301076,1909f56bfc062723c751e8b465ee728b)  -> (artifact id: '2af9924650b9f562aaf98c97c6f837d2') in 0.021436 seconds 
========================================================================
Received Import Request.
  Time since last request: 0.760118 seconds.
  path: Assets/Sprites & Tiles/Sprites/idle/Layer 1.png
  artifactKey: Guid(403e551ec69ed3f4d91428af199d22de) Importer(815301076,1909f56bfc062723c751e8b465ee728b)
Start importing Assets/Sprites & Tiles/Sprites/idle/Layer 1.png using Guid(403e551ec69ed3f4d91428af199d22de) Importer(815301076,1909f56bfc062723c751e8b465ee728b)  -> (artifact id: 'cb9881def9b91801a8f53e7dc1ddc03b') in 0.076597 seconds 
========================================================================
Received Import Request.
  Time since last request: 0.000109 seconds.
  path: Assets/Sprites & Tiles/Sprites/idle/Layer 3.png
  artifactKey: Guid(22fe2bcea79b1a242b72a08292860e3c) Importer(815301076,1909f56bfc062723c751e8b465ee728b)
Start importing Assets/Sprites & Tiles/Sprites/idle/Layer 3.png using Guid(22fe2bcea79b1a242b72a08292860e3c) Importer(815301076,1909f56bfc062723c751e8b465ee728b)  -> (artifact id: '03d148d7f960bc89525b276785f7ecfa') in 0.054219 seconds 
========================================================================
Received Import Request.
  Time since last request: 0.000049 seconds.
  path: Assets/Sprites & Tiles/Sprites/idle/Layer 4.png
  artifactKey: Guid(01779bcfaba1be54297027aa5f1237c0) Importer(815301076,1909f56bfc062723c751e8b465ee728b)
Start importing Assets/Sprites & Tiles/Sprites/idle/Layer 4.png using Guid(01779bcfaba1be54297027aa5f1237c0) Importer(815301076,1909f56bfc062723c751e8b465ee728b)  -> (artifact id: 'cdf1acd5dfafdb6ddb65890a693d815d') in 0.040790 seconds 
========================================================================
Received Import Request.
  Time since last request: 139.904141 seconds.
  path: ProjectSettings/TagManager.asset
  artifactKey: Guid(00000000000000003000000000000000) Importer(815301076,1909f56bfc062723c751e8b465ee728b)
Start importing ProjectSettings/TagManager.asset using Guid(00000000000000003000000000000000) Importer(815301076,1909f56bfc062723c751e8b465ee728b)  -> (artifact id: '5826b9fb000b8db953f6d7fe265f03cb') in 0.020989 seconds 
========================================================================
Received Prepare
Registering precompiled user dll's ...
Registered in 0.061711 seconds.
Begin MonoManager ReloadAssembly
Symbol file LoadedFromMemory doesn't match image C:\Users\anasa\Unity Projects\The-Game\Library\PackageCache\com.unity.visualscripting@1.8.0\Editor\VisualScripting.Core\Dependencies\YamlDotNet\Unity.VisualScripting.YamlDotNet.dll
Symbol file LoadedFromMemory doesn't match image C:\Users\anasa\Unity Projects\The-Game\Library\PackageCache\com.unity.visualscripting@1.8.0\Editor\VisualScripting.Core\Dependencies\DotNetZip\Unity.VisualScripting.IonicZip.dll
Native extension for WindowsStandalone target not found
Native extension for WebGL target not found
Refreshing native plugins compatible for Editor in 3.00 ms, found 4 plugins.
Preloading 0 native plugins for Editor in 0.00 ms.
Mono: successfully reloaded assembly
- Completed reload, in  5.354 seconds
Domain Reload Profiling:
	ReloadAssembly (5355ms)
		BeginReloadAssembly (532ms)
			ExecutionOrderSort (0ms)
			DisableScriptedObjects (21ms)
			BackupInstance (0ms)
			ReleaseScriptingObjects (0ms)
			CreateAndSetChildDomain (132ms)
		EndReloadAssembly (4458ms)
			LoadAssemblies (388ms)
			RebuildTransferFunctionScriptingTraits (0ms)
			SetupTypeCache (1451ms)
			ReleaseScriptCaches (3ms)
			RebuildScriptCaches (366ms)
			SetupLoadedEditorAssemblies (1949ms)
				LogAssemblyErrors (0ms)
				InitializePlatformSupportModulesInManaged (46ms)
				SetLoadedEditorAssemblies (3ms)
				RefreshPlugins (3ms)
				BeforeProcessingInitializeOnLoad (638ms)
				ProcessInitializeOnLoadAttributes (1094ms)
				ProcessInitializeOnLoadMethodAttributes (128ms)
				AfterProcessingInitializeOnLoad (36ms)
				EditorAssembliesLoaded (0ms)
			ExecutionOrderSort2 (0ms)
			AwakeInstancesAfterBackupRestoration (51ms)
Platform modules already initialized, skipping
Refreshing native plugins compatible for Editor in 6.67 ms, found 4 plugins.
Preloading 0 native plugins for Editor in 0.00 ms.
Unloading 4368 Unused Serialized files (Serialized files now loaded: 0)
Unloading 27 unused Assets / (143.5 KB). Loaded Objects now: 4868.
Memory consumption went from 168.8 MB to 168.7 MB.
Total: 8.894100 ms (FindLiveObjects: 0.499800 ms CreateObjectMapping: 0.377800 ms MarkObjects: 7.867500 ms  DeleteObjects: 0.147800 ms)

AssetImportParameters requested are different than current active one (requested -> active):
  custom:video-decoder-ogg-theora: a1e56fd34408186e4bbccfd4996cb3dc -> 
  custom:container-muxer-webm: aa71ff27fc2769a1b78a27578f13a17b -> 
  custom:container-demuxer-webm: 4f35f7cbe854078d1ac9338744f61a02 -> 
  custom:video-encoder-webm-vp8: eb34c28f22e8b96e1ab97ce403110664 -> 
  custom:audio-encoder-webm-vorbis: bf7c407c2cedff20999df2af8eb42d56 -> 
  custom:framework-win-MediaFoundation: 216162199b28c13a410421893ffa2e32 -> 
  custom:container-demuxer-ogg: 62fdf1f143b41e24485cea50d1cbac27 -> 
  custom:video-decoder-webm-vp8: 9c59270c3fd7afecdb556c50c9e8de78 -> 
  custom:audio-decoder-ogg-vorbis: bf7c407c2cedff20999df2af8eb42d56 -> 
========================================================================
Received Import Request.
  Time since last request: 491.809196 seconds.
  path: Assets/Sprites & Tiles/Sprites/chunks.asset
  artifactKey: Guid(1e64d3b9d1af1034ea526aaeca6ddca3) Importer(815301076,1909f56bfc062723c751e8b465ee728b)
Start importing Assets/Sprites & Tiles/Sprites/chunks.asset using Guid(1e64d3b9d1af1034ea526aaeca6ddca3) Importer(815301076,1909f56bfc062723c751e8b465ee728b)  -> (artifact id: '3cf493c79d90bb4f6131558eb3299306') in 0.128655 seconds 
========================================================================
Received Import Request.
  Time since last request: 54.086944 seconds.
  path: Assets/Sprites & Tiles/Sprites/greenlight_Dash_Platform.asset
  artifactKey: Guid(348d38a1b48dcc64ba81b43de64a0d44) Importer(815301076,1909f56bfc062723c751e8b465ee728b)
Start importing Assets/Sprites & Tiles/Sprites/greenlight_Dash_Platform.asset using Guid(348d38a1b48dcc64ba81b43de64a0d44) Importer(815301076,1909f56bfc062723c751e8b465ee728b)  -> (artifact id: 'ec691b4b8cc2386952d16dc401a33e8a') in 0.033557 seconds 
========================================================================
Received Import Request.
  Time since last request: 8.587505 seconds.
  path: Assets/Sprites & Tiles/Sprites/redlight_Dash_Platform.asset
  artifactKey: Guid(c133de9abc1f7c541a563b470a7160fd) Importer(815301076,1909f56bfc062723c751e8b465ee728b)
Start importing Assets/Sprites & Tiles/Sprites/redlight_Dash_Platform.asset using Guid(c133de9abc1f7c541a563b470a7160fd) Importer(815301076,1909f56bfc062723c751e8b465ee728b)  -> (artifact id: 'c336e0503097eed215e44db413c2912d') in 0.029566 seconds 
========================================================================
Received Import Request.
  Time since last request: 35.029877 seconds.
  path: Assets/Sprites/floor/floor.psd
  artifactKey: Guid(2c850480bdd35714b9d33c96c05e141c) Importer(815301076,1909f56bfc062723c751e8b465ee728b)
Start importing Assets/Sprites/floor/floor.psd using Guid(2c850480bdd35714b9d33c96c05e141c) Importer(815301076,1909f56bfc062723c751e8b465ee728b)  -> (artifact id: '6bbfda5b8fb855d23e9891201095d916') in 0.263308 seconds 
========================================================================
Received Import Request.
  Time since last request: 12.430400 seconds.
  path: Packages/com.unity.2d.animation/Editor/Assets/SkinningModule/Icons/Light/Bone.png
  artifactKey: Guid(62ce01ddca719d34ea9648c586a7cc94) Importer(815301076,1909f56bfc062723c751e8b465ee728b)
Start importing Packages/com.unity.2d.animation/Editor/Assets/SkinningModule/Icons/Light/Bone.png using Guid(62ce01ddca719d34ea9648c586a7cc94) Importer(815301076,1909f56bfc062723c751e8b465ee728b)  -> (artifact id: '948c46db5e48fb5c0bc696b7950a376d') in 0.053140 seconds 
========================================================================
Received Import Request.
  Time since last request: 0.000042 seconds.
  path: Packages/com.unity.2d.animation/Editor/Assets/SkinningModule/Icons/Light/Bone_Influence@2x.png
  artifactKey: Guid(7395bf0bc3cc40e4ab2dda5ec6832261) Importer(815301076,1909f56bfc062723c751e8b465ee728b)
Start importing Packages/com.unity.2d.animation/Editor/Assets/SkinningModule/Icons/Light/Bone_Influence@2x.png using Guid(7395bf0bc3cc40e4ab2dda5ec6832261) Importer(815301076,1909f56bfc062723c751e8b465ee728b)  -> (artifact id: 'fea918c787aee2549e1e044a5e0a8a9e') in 0.046307 seconds 
========================================================================
Received Import Request.
  Time since last request: 0.000109 seconds.
  path: Packages/com.unity.2d.animation/Editor/Assets/SkinningModule/Icons/Selected/Bone_Influence@4x.png
  artifactKey: Guid(daf2ab606d4db0d4f9ecf4c02137d2a8) Importer(815301076,1909f56bfc062723c751e8b465ee728b)
Start importing Packages/com.unity.2d.animation/Editor/Assets/SkinningModule/Icons/Selected/Bone_Influence@4x.png using Guid(daf2ab606d4db0d4f9ecf4c02137d2a8) Importer(815301076,1909f56bfc062723c751e8b465ee728b)  -> (artifact id: '37279b46f116596f73c9d73070744e50') in 0.098162 seconds 
========================================================================
Received Import Request.
  Time since last request: 0.000057 seconds.
  path: Packages/com.unity.2d.animation/Editor/Assets/SkinningModule/Icons/Selected/Bone_Influence@2x.png
  artifactKey: Guid(0779ad3feec52124e97114bcbb12ef13) Importer(815301076,1909f56bfc062723c751e8b465ee728b)
Start importing Packages/com.unity.2d.animation/Editor/Assets/SkinningModule/Icons/Selected/Bone_Influence@2x.png using Guid(0779ad3feec52124e97114bcbb12ef13) Importer(815301076,1909f56bfc062723c751e8b465ee728b)  -> (artifact id: 'c278cf1851c09432647c558f53ebd8c1') in 0.054968 seconds 
========================================================================
Received Import Request.
  Time since last request: 0.000029 seconds.
  path: Packages/com.unity.2d.animation/Editor/Assets/SkinningModule/Icons/Selected/Bone_Influence@3x.png
  artifactKey: Guid(68e5a78013e33f247822a837e55b0ab4) Importer(815301076,1909f56bfc062723c751e8b465ee728b)
Start importing Packages/com.unity.2d.animation/Editor/Assets/SkinningModule/Icons/Selected/Bone_Influence@3x.png using Guid(68e5a78013e33f247822a837e55b0ab4) Importer(815301076,1909f56bfc062723c751e8b465ee728b)  -> (artifact id: '6654b1abfaf3eba068273d76f6dbd7b6') in 0.071346 seconds 
========================================================================
Received Import Request.
  Time since last request: 0.000034 seconds.
  path: Packages/com.unity.2d.animation/Editor/Assets/SkinningModule/Icons/Light/Bone_Influence.png
  artifactKey: Guid(e92fc44f12c21dd44a49e390f39f7ffd) Importer(815301076,1909f56bfc062723c751e8b465ee728b)
Start importing Packages/com.unity.2d.animation/Editor/Assets/SkinningModule/Icons/Light/Bone_Influence.png using Guid(e92fc44f12c21dd44a49e390f39f7ffd) Importer(815301076,1909f56bfc062723c751e8b465ee728b)  -> (artifact id: '313e6564d3fbaa59bd2941cad1675eed') in 0.040907 seconds 
========================================================================
Received Import Request.
  Time since last request: 0.000036 seconds.
  path: Packages/com.unity.collab-proxy/Editor/PlasticSCM/Assets/Images/buttonssosigninemail.png
  artifactKey: Guid(d24e7e0b75e1a244bb9687d6fd4315ef) Importer(815301076,1909f56bfc062723c751e8b465ee728b)
Start importing Packages/com.unity.collab-proxy/Editor/PlasticSCM/Assets/Images/buttonssosigninemail.png using Guid(d24e7e0b75e1a244bb9687d6fd4315ef) Importer(815301076,1909f56bfc062723c751e8b465ee728b)  -> (artifact id: '4d8733ebb998016002e60481997d10b2') in 0.067766 seconds 
========================================================================
Received Import Request.
  Time since last request: 0.000056 seconds.
  path: Packages/com.unity.collab-proxy/Editor/PlasticSCM/Assets/Images/buttonssosigninemail@2x.png
  artifactKey: Guid(ddf2e76e8a1f88f46ae1e42277850b48) Importer(815301076,1909f56bfc062723c751e8b465ee728b)
Start importing Packages/com.unity.collab-proxy/Editor/PlasticSCM/Assets/Images/buttonssosigninemail@2x.png using Guid(ddf2e76e8a1f88f46ae1e42277850b48) Importer(815301076,1909f56bfc062723c751e8b465ee728b)  -> (artifact id: '1707648908cec336e4da522ac450661d') in 0.058657 seconds 
========================================================================
Received Import Request.
  Time since last request: 4.183108 seconds.
  path: Packages/com.unity.2d.animation/Editor/Assets/SkinningModule/Icons/Light/Copy.png
  artifactKey: Guid(42f4b048501996743958df91513f824a) Importer(815301076,1909f56bfc062723c751e8b465ee728b)
Start importing Packages/com.unity.2d.animation/Editor/Assets/SkinningModule/Icons/Light/Copy.png using Guid(42f4b048501996743958df91513f824a) Importer(815301076,1909f56bfc062723c751e8b465ee728b)  -> (artifact id: 'fecbe9fe8f310beaee13eb97777d4d8a') in 0.063830 seconds 
========================================================================
Received Import Request.
  Time since last request: 0.000043 seconds.
  path: Packages/com.unity.2d.animation/Editor/Assets/SkinningModule/Icons/Light/Copy@4x.png
  artifactKey: Guid(5430b5412bcac5b4986be0a875a5e978) Importer(815301076,1909f56bfc062723c751e8b465ee728b)
Start importing Packages/com.unity.2d.animation/Editor/Assets/SkinningModule/Icons/Light/Copy@4x.png using Guid(5430b5412bcac5b4986be0a875a5e978) Importer(815301076,1909f56bfc062723c751e8b465ee728b)  -> (artifact id: '1bfc0b9d40bfe9a651d7f587ab8ae776') in 0.048249 seconds 
========================================================================
Received Import Request.
  Time since last request: 0.000050 seconds.
  path: Packages/com.unity.2d.animation/Editor/Assets/SkinningModule/Icons/Dark/d_Edit_Pose@3x.png
  artifactKey: Guid(334b0c5a2da656f4a9d2fe6b658cfd68) Importer(815301076,1909f56bfc062723c751e8b465ee728b)
Start importing Packages/com.unity.2d.animation/Editor/Assets/SkinningModule/Icons/Dark/d_Edit_Pose@3x.png using Guid(334b0c5a2da656f4a9d2fe6b658cfd68) Importer(815301076,1909f56bfc062723c751e8b465ee728b)  -> (artifact id: '27cc47d302de150685546eaba28707d9') in 0.075613 seconds 
========================================================================
Received Import Request.
  Time since last request: 0.000033 seconds.
  path: Packages/com.unity.2d.animation/Editor/Assets/SkinningModule/Icons/Selected/Copy@3x.png
  artifactKey: Guid(bb51334c6930f864abac38001f7bdf6e) Importer(815301076,1909f56bfc062723c751e8b465ee728b)
Start importing Packages/com.unity.2d.animation/Editor/Assets/SkinningModule/Icons/Selected/Copy@3x.png using Guid(bb51334c6930f864abac38001f7bdf6e) Importer(815301076,1909f56bfc062723c751e8b465ee728b)  -> (artifact id: '6bb70e93b96b22e6505a83efb8d16b90') in 0.053769 seconds 
========================================================================
Received Import Request.
  Time since last request: 0.000038 seconds.
  path: Packages/com.unity.2d.animation/Editor/Assets/SkinningModule/Icons/Dark/d_Copy@4x.png
  artifactKey: Guid(00b8ce4a201871b498992f536279acf7) Importer(815301076,1909f56bfc062723c751e8b465ee728b)
Start importing Packages/com.unity.2d.animation/Editor/Assets/SkinningModule/Icons/Dark/d_Copy@4x.png using Guid(00b8ce4a201871b498992f536279acf7) Importer(815301076,1909f56bfc062723c751e8b465ee728b)  -> (artifact id: '9a5bb77ecbb597be86b9b083b246f135') in 0.047826 seconds 
========================================================================
Received Import Request.
  Time since last request: 0.000056 seconds.
  path: Packages/com.unity.2d.animation/Editor/Assets/SkinningModule/Icons/Selected/Copy@4x.png
  artifactKey: Guid(b6a96c7c65795c94abf54a62adbf5c38) Importer(815301076,1909f56bfc062723c751e8b465ee728b)
Start importing Packages/com.unity.2d.animation/Editor/Assets/SkinningModule/Icons/Selected/Copy@4x.png using Guid(b6a96c7c65795c94abf54a62adbf5c38) Importer(815301076,1909f56bfc062723c751e8b465ee728b)  -> (artifact id: '1ff6ada8f84f816fac2af7557c5cde80') in 0.036936 seconds 
========================================================================
Received Import Request.
  Time since last request: 0.000033 seconds.
  path: Packages/com.unity.2d.animation/Editor/Assets/SkinningModule/Icons/Light/Copy@2x.png
  artifactKey: Guid(2e0cf451cb3d56742aad87ea75993209) Importer(815301076,1909f56bfc062723c751e8b465ee728b)
Start importing Packages/com.unity.2d.animation/Editor/Assets/SkinningModule/Icons/Light/Copy@2x.png using Guid(2e0cf451cb3d56742aad87ea75993209) Importer(815301076,1909f56bfc062723c751e8b465ee728b)  -> (artifact id: 'dd446d262181fd8e1eedc214ad18fc30') in 0.044433 seconds 
========================================================================
Received Import Request.
  Time since last request: 0.000440 seconds.
  path: Packages/com.unity.2d.animation/Editor/Assets/SkinningModule/Icons/Dark/d_Copy@3x.png
  artifactKey: Guid(3b5ad4dfc78124a489bb5c48a4b57195) Importer(815301076,1909f56bfc062723c751e8b465ee728b)
Start importing Packages/com.unity.2d.animation/Editor/Assets/SkinningModule/Icons/Dark/d_Copy@3x.png using Guid(3b5ad4dfc78124a489bb5c48a4b57195) Importer(815301076,1909f56bfc062723c751e8b465ee728b)  -> (artifact id: '10b84135dabe01e6f6a456ce4cae4df5') in 0.048003 seconds 
========================================================================
Received Import Request.
  Time since last request: 1.442809 seconds.
  path: Assets/Sprites/idle/pixil-frame-0.png
  artifactKey: Guid(b3d062b6468503b458894b8db0f481b9) Importer(815301076,1909f56bfc062723c751e8b465ee728b)
Start importing Assets/Sprites/idle/pixil-frame-0.png using Guid(b3d062b6468503b458894b8db0f481b9) Importer(815301076,1909f56bfc062723c751e8b465ee728b)  -> (artifact id: 'd576099977e85dd91df73c67351d9cf3') in 0.059348 seconds 
========================================================================
Received Import Request.
  Time since last request: 0.000205 seconds.
  path: Assets/Sprites/pixil-frame-0 (2).png
  artifactKey: Guid(f57ac0e87ed5c3b4194bbfe6ad9efa4a) Importer(815301076,1909f56bfc062723c751e8b465ee728b)
Start importing Assets/Sprites/pixil-frame-0 (2).png using Guid(f57ac0e87ed5c3b4194bbfe6ad9efa4a) Importer(815301076,1909f56bfc062723c751e8b465ee728b)  -> (artifact id: '53aea900623c62c8b5fa6c28619cb7dc') in 0.088915 seconds 
========================================================================
Received Import Request.
  Time since last request: 0.000043 seconds.
  path: Assets/Sprites/idle/pixil-frame-2.png
  artifactKey: Guid(b32ffde4537c2e64987a60faedb6c5b0) Importer(815301076,1909f56bfc062723c751e8b465ee728b)
Start importing Assets/Sprites/idle/pixil-frame-2.png using Guid(b32ffde4537c2e64987a60faedb6c5b0) Importer(815301076,1909f56bfc062723c751e8b465ee728b)  -> (artifact id: 'c4a0bfa21cd10386843515a3ccb09ba2') in 0.065491 seconds 
========================================================================
Received Import Request.
  Time since last request: 0.000038 seconds.
  path: Assets/Sprites/idle/pixil-frame-1.png
  artifactKey: Guid(f468d9ef914b3ee40a6832ba6d1649cd) Importer(815301076,1909f56bfc062723c751e8b465ee728b)
Start importing Assets/Sprites/idle/pixil-frame-1.png using Guid(f468d9ef914b3ee40a6832ba6d1649cd) Importer(815301076,1909f56bfc062723c751e8b465ee728b)  -> (artifact id: 'dd91c5079d064dea23f60b5042d055c2') in 0.067747 seconds 
========================================================================
Received Import Request.
  Time since last request: 0.000030 seconds.
  path: Assets/Sprites/run/pixil-frame-3.png
  artifactKey: Guid(791219bab2fa5d74ea7b89862c27ab57) Importer(815301076,1909f56bfc062723c751e8b465ee728b)
Start importing Assets/Sprites/run/pixil-frame-3.png using Guid(791219bab2fa5d74ea7b89862c27ab57) Importer(815301076,1909f56bfc062723c751e8b465ee728b)  -> (artifact id: 'e9ed98ba35beea7b02f3757dceb4903b') in 0.037196 seconds 
========================================================================
Received Import Request.
  Time since last request: 0.000047 seconds.
  path: Assets/Sprites/run/pixil-frame-2.png
  artifactKey: Guid(8cf841d2c1627b047b985269aab246cd) Importer(815301076,1909f56bfc062723c751e8b465ee728b)
Start importing Assets/Sprites/run/pixil-frame-2.png using Guid(8cf841d2c1627b047b985269aab246cd) Importer(815301076,1909f56bfc062723c751e8b465ee728b)  -> (artifact id: 'da1a9dc0e3398e58f63f28e05824d0ae') in 0.046538 seconds 
========================================================================
Received Import Request.
  Time since last request: 0.000053 seconds.
  path: Assets/Sprites/run/pixil-frame-6 1.png
  artifactKey: Guid(583510ee38d3f1f45a5b829de658d465) Importer(815301076,1909f56bfc062723c751e8b465ee728b)
Start importing Assets/Sprites/run/pixil-frame-6 1.png using Guid(583510ee38d3f1f45a5b829de658d465) Importer(815301076,1909f56bfc062723c751e8b465ee728b)  -> (artifact id: '50eb6fd25c577210cfa0bcd74c8026bb') in 0.041395 seconds 
========================================================================
Received Import Request.
  Time since last request: 51.617025 seconds.
  path: Assets/Sprites/rusty platform/Untitled-1 1.psd
  artifactKey: Guid(9011990c66402b341ac8f8b956e1d596) Importer(815301076,1909f56bfc062723c751e8b465ee728b)
Start importing Assets/Sprites/rusty platform/Untitled-1 1.psd using Guid(9011990c66402b341ac8f8b956e1d596) Importer(815301076,1909f56bfc062723c751e8b465ee728b)  -> (artifact id: '1af7aabbb3895f2dff3876c206a4fa9c') in 0.418174 seconds 
========================================================================
Received Import Request.
  Time since last request: 16.308795 seconds.
  path: Packages/com.unity.2d.animation/Editor/Assets/SkinningModule/Icons/Light/character_Mode.png
  artifactKey: Guid(d4d64a6cd9624c34a815dd79fb2a20a4) Importer(815301076,1909f56bfc062723c751e8b465ee728b)
Start importing Packages/com.unity.2d.animation/Editor/Assets/SkinningModule/Icons/Light/character_Mode.png using Guid(d4d64a6cd9624c34a815dd79fb2a20a4) Importer(815301076,1909f56bfc062723c751e8b465ee728b)  -> (artifact id: 'c8fa54e3023e22af55fac9d5745cabed') in 0.117433 seconds 
========================================================================
Received Import Request.
  Time since last request: 0.000032 seconds.
  path: Packages/com.unity.2d.animation/Editor/Assets/SkinningModule/Icons/Selected/character_Mode@4x.png
  artifactKey: Guid(0ccc508108fa6ed4fa11b4a467d7f609) Importer(815301076,1909f56bfc062723c751e8b465ee728b)
Start importing Packages/com.unity.2d.animation/Editor/Assets/SkinningModule/Icons/Selected/character_Mode@4x.png using Guid(0ccc508108fa6ed4fa11b4a467d7f609) Importer(815301076,1909f56bfc062723c751e8b465ee728b)  -> (artifact id: '42d44692b1f5d5338acfe47fe54907ed') in 0.119359 seconds 
========================================================================
Received Import Request.
  Time since last request: 0.000040 seconds.
  path: Packages/com.unity.2d.animation/Editor/Assets/SkinningModule/Icons/Selected/Create Bones.png
  artifactKey: Guid(7b86a539750e1a44ca7ec5b7f690babd) Importer(815301076,1909f56bfc062723c751e8b465ee728b)
Start importing Packages/com.unity.2d.animation/Editor/Assets/SkinningModule/Icons/Selected/Create Bones.png using Guid(7b86a539750e1a44ca7ec5b7f690babd) Importer(815301076,1909f56bfc062723c751e8b465ee728b)  -> (artifact id: 'c636099b84a2bf0be4b82907e7b910ba') in 0.073265 seconds 
========================================================================
Received Import Request.
  Time since last request: 0.000051 seconds.
  path: Packages/com.unity.2d.animation/Editor/Assets/SkinningModule/Icons/Light/character_Mode@3x.png
  artifactKey: Guid(17fa84703485d314b8d6b5216987d4b1) Importer(815301076,1909f56bfc062723c751e8b465ee728b)
Start importing Packages/com.unity.2d.animation/Editor/Assets/SkinningModule/Icons/Light/character_Mode@3x.png using Guid(17fa84703485d314b8d6b5216987d4b1) Importer(815301076,1909f56bfc062723c751e8b465ee728b)  -> (artifact id: 'e40f9fc37f7a3c7bc4a371fa30a559c0') in 0.061527 seconds 
========================================================================
Received Import Request.
  Time since last request: 0.000032 seconds.
  path: Packages/com.unity.2d.animation/Editor/Assets/SkinningModule/Icons/Selected/character_Mode@3x.png
  artifactKey: Guid(dcea51d6065d64246aeec467afeff684) Importer(815301076,1909f56bfc062723c751e8b465ee728b)
Start importing Packages/com.unity.2d.animation/Editor/Assets/SkinningModule/Icons/Selected/character_Mode@3x.png using Guid(dcea51d6065d64246aeec467afeff684) Importer(815301076,1909f56bfc062723c751e8b465ee728b)  -> (artifact id: 'c393109f50d47fdcfa9ae496c7ff93ac') in 0.039177 seconds 
========================================================================
Received Import Request.
  Time since last request: 0.000028 seconds.
  path: Packages/com.unity.2d.animation/Editor/Assets/SkinningModule/Icons/Light/character_Mode@4x.png
  artifactKey: Guid(748ae8b33df036b46a86e0387f1602cf) Importer(815301076,1909f56bfc062723c751e8b465ee728b)
Start importing Packages/com.unity.2d.animation/Editor/Assets/SkinningModule/Icons/Light/character_Mode@4x.png using Guid(748ae8b33df036b46a86e0387f1602cf) Importer(815301076,1909f56bfc062723c751e8b465ee728b)  -> (artifact id: '6f06bfc7f2a5e904a766c8ebc5914093') in 0.041217 seconds 
========================================================================
Received Import Request.
  Time since last request: 0.000028 seconds.
  path: Packages/com.unity.2d.animation/Editor/Assets/SkinningModule/Icons/Dark/d_Weight_Brush@2x.png
  artifactKey: Guid(fda4344db9f9d794698ed7487ca53957) Importer(815301076,1909f56bfc062723c751e8b465ee728b)
Start importing Packages/com.unity.2d.animation/Editor/Assets/SkinningModule/Icons/Dark/d_Weight_Brush@2x.png using Guid(fda4344db9f9d794698ed7487ca53957) Importer(815301076,1909f56bfc062723c751e8b465ee728b)  -> (artifact id: 'fccdeca9604a3acb80ce0ef33e79c69c') in 0.126905 seconds 
========================================================================
Received Import Request.
  Time since last request: 0.000037 seconds.
  path: Packages/com.unity.2d.animation/Editor/Assets/SkinningModule/Icons/Light/Weight_Brush@4x.png
  artifactKey: Guid(3dd5e5c693a816e4f96b869f6465955b) Importer(815301076,1909f56bfc062723c751e8b465ee728b)
Start importing Packages/com.unity.2d.animation/Editor/Assets/SkinningModule/Icons/Light/Weight_Brush@4x.png using Guid(3dd5e5c693a816e4f96b869f6465955b) Importer(815301076,1909f56bfc062723c751e8b465ee728b)  -> (artifact id: '454c2bbae0a44a32c82f7d1e29c51d0a') in 0.135576 seconds 
========================================================================
Received Import Request.
  Time since last request: 0.000044 seconds.
  path: Packages/com.unity.2d.animation/Editor/Assets/SkinningModule/Icons/Light/Weight_Brush@3x.png
  artifactKey: Guid(3279d541bf75c624cbdd7179eb5559a8) Importer(815301076,1909f56bfc062723c751e8b465ee728b)
Start importing Packages/com.unity.2d.animation/Editor/Assets/SkinningModule/Icons/Light/Weight_Brush@3x.png using Guid(3279d541bf75c624cbdd7179eb5559a8) Importer(815301076,1909f56bfc062723c751e8b465ee728b)  -> (artifact id: '51f46585e2f7ae060af26edcc9a6f2b2') in 0.072888 seconds 
========================================================================
Received Import Request.
  Time since last request: 0.003200 seconds.
  path: Packages/com.unity.2d.animation/Editor/Assets/SkinningModule/Icons/Light/Weight_Brush@2x.png
  artifactKey: Guid(17d3bf7425a0748489ce3633e38652db) Importer(815301076,1909f56bfc062723c751e8b465ee728b)
Start importing Packages/com.unity.2d.animation/Editor/Assets/SkinningModule/Icons/Light/Weight_Brush@2x.png using Guid(17d3bf7425a0748489ce3633e38652db) Importer(815301076,1909f56bfc062723c751e8b465ee728b)  -> (artifact id: '0b9767c59ec7e6190d63f8e9bd6bbadc') in 0.069832 seconds 
========================================================================
Received Import Request.
  Time since last request: 0.000068 seconds.
  path: Packages/com.unity.2d.animation/Editor/Assets/SkinningModule/Icons/Dark/d_Weight_Brush@3x.png
  artifactKey: Guid(ba394dd6c02ba3b448659c8a346bf685) Importer(815301076,1909f56bfc062723c751e8b465ee728b)
Start importing Packages/com.unity.2d.animation/Editor/Assets/SkinningModule/Icons/Dark/d_Weight_Brush@3x.png using Guid(ba394dd6c02ba3b448659c8a346bf685) Importer(815301076,1909f56bfc062723c751e8b465ee728b)  -> (artifact id: 'ee9e447c94d981e707ece2a7cbc40c8d') in 0.084642 seconds 
========================================================================
Received Import Request.
  Time since last request: 0.000045 seconds.
  path: Packages/com.unity.2d.animation/Editor/Assets/SkinningModule/Icons/Selected/Weight_Brush@2x.png
  artifactKey: Guid(bb668641abe10a64891e26613cf530ee) Importer(815301076,1909f56bfc062723c751e8b465ee728b)
Start importing Packages/com.unity.2d.animation/Editor/Assets/SkinningModule/Icons/Selected/Weight_Brush@2x.png using Guid(bb668641abe10a64891e26613cf530ee) Importer(815301076,1909f56bfc062723c751e8b465ee728b)  -> (artifact id: '91e3dcad1b0640c382213edeadc8dea6') in 0.074382 seconds 
========================================================================
Received Import Request.
  Time since last request: 0.000044 seconds.
  path: Packages/com.unity.2d.animation/Editor/Assets/SkinningModule/Icons/Selected/Create Bones@2x.png
  artifactKey: Guid(5b7f664b515582d458717c354f6be292) Importer(815301076,1909f56bfc062723c751e8b465ee728b)
Start importing Packages/com.unity.2d.animation/Editor/Assets/SkinningModule/Icons/Selected/Create Bones@2x.png using Guid(5b7f664b515582d458717c354f6be292) Importer(815301076,1909f56bfc062723c751e8b465ee728b)  -> (artifact id: '18e100faa5a109df0f9314b0f9a96e6e') in 0.056776 seconds 
========================================================================
Received Import Request.
  Time since last request: 1.919321 seconds.
  path: Packages/com.unity.collab-proxy/Editor/PlasticSCM/Assets/Images/buttonssosigningoogle.png
  artifactKey: Guid(f09eae8c0ea04254b90c5386a034a225) Importer(815301076,1909f56bfc062723c751e8b465ee728b)
Start importing Packages/com.unity.collab-proxy/Editor/PlasticSCM/Assets/Images/buttonssosigningoogle.png using Guid(f09eae8c0ea04254b90c5386a034a225) Importer(815301076,1909f56bfc062723c751e8b465ee728b)  -> (artifact id: '75555c2b0539c9cf4b87d91543fba46d') in 0.069628 seconds 
========================================================================
Received Import Request.
  Time since last request: 0.000034 seconds.
  path: Packages/com.unity.2d.animation/Editor/Assets/SkinningModule/Icons/Dark/d_Bone_Influence@3x.png
  artifactKey: Guid(56431fa7b1b21794baaf8d8e47c78bdb) Importer(815301076,1909f56bfc062723c751e8b465ee728b)
Start importing Packages/com.unity.2d.animation/Editor/Assets/SkinningModule/Icons/Dark/d_Bone_Influence@3x.png using Guid(56431fa7b1b21794baaf8d8e47c78bdb) Importer(815301076,1909f56bfc062723c751e8b465ee728b)  -> (artifact id: '6f92475cf0beaeb7550da4994cd33351') in 0.065860 seconds 
========================================================================
Received Import Request.
  Time since last request: 7349.466075 seconds.
  path: Assets/Sprites & Tiles/Sprites/rusty platform
  artifactKey: Guid(a9d00d2b647752e4587702608eec4c88) Importer(815301076,1909f56bfc062723c751e8b465ee728b)
Start importing Assets/Sprites & Tiles/Sprites/rusty platform using Guid(a9d00d2b647752e4587702608eec4c88) Importer(815301076,1909f56bfc062723c751e8b465ee728b)  -> (artifact id: '2945466bebb7c37227188d5f58d308b5') in 0.040120 seconds 
========================================================================
Received Import Request.
  Time since last request: 0.000039 seconds.
  path: Assets/Sprites & Tiles/Sprites/rusty platform/Untitled-1 1_9.asset
  artifactKey: Guid(e865459ca3fc0134da83924c36308389) Importer(815301076,1909f56bfc062723c751e8b465ee728b)
Start importing Assets/Sprites & Tiles/Sprites/rusty platform/Untitled-1 1_9.asset using Guid(e865459ca3fc0134da83924c36308389) Importer(815301076,1909f56bfc062723c751e8b465ee728b)  -> (artifact id: '24b8cef467f6bdc622f75cd8a343758a') in 0.392535 seconds 
========================================================================
Received Import Request.
  Time since last request: 1.116807 seconds.
  path: Assets/Sprites & Tiles/Sprites/rusty platform/Untitled-1 1_5.asset
  artifactKey: Guid(38097686aa72af34d9e389e175748b39) Importer(815301076,1909f56bfc062723c751e8b465ee728b)
Start importing Assets/Sprites & Tiles/Sprites/rusty platform/Untitled-1 1_5.asset using Guid(38097686aa72af34d9e389e175748b39) Importer(815301076,1909f56bfc062723c751e8b465ee728b)  -> (artifact id: 'fa04a0dd23704a946694183aed555593') in 0.148764 seconds 
========================================================================
Received Import Request.
  Time since last request: 0.018230 seconds.
  path: Assets/Sprites & Tiles/Sprites/rusty platform/Untitled-1 1_6.asset
  artifactKey: Guid(c6c4f53820c5ca448bbb92f4f2278a29) Importer(815301076,1909f56bfc062723c751e8b465ee728b)
Start importing Assets/Sprites & Tiles/Sprites/rusty platform/Untitled-1 1_6.asset using Guid(c6c4f53820c5ca448bbb92f4f2278a29) Importer(815301076,1909f56bfc062723c751e8b465ee728b)  -> (artifact id: 'fe1c7301fd0fce8a8379534924fdb3d9') in 0.049516 seconds 
========================================================================
Received Import Request.
  Time since last request: 0.002462 seconds.
  path: Assets/Sprites & Tiles/Sprites/rusty platform/Untitled-1 1_8.asset
  artifactKey: Guid(b3269d7b04d0c0744a424e872870b684) Importer(815301076,1909f56bfc062723c751e8b465ee728b)
Start importing Assets/Sprites & Tiles/Sprites/rusty platform/Untitled-1 1_8.asset using Guid(b3269d7b04d0c0744a424e872870b684) Importer(815301076,1909f56bfc062723c751e8b465ee728b)  -> (artifact id: 'b7ea03a4bdd532c07085cbcc882411d4') in 0.048094 seconds 
========================================================================
Received Import Request.
  Time since last request: 23.723866 seconds.
  path: Assets/Sprites & Tiles/Sprites/dash platform/dash platform.psd
  artifactKey: Guid(4ead9690ec6aade48a2f3869e80d041b) Importer(815301076,1909f56bfc062723c751e8b465ee728b)
Start importing Assets/Sprites & Tiles/Sprites/dash platform/dash platform.psd using Guid(4ead9690ec6aade48a2f3869e80d041b) Importer(815301076,1909f56bfc062723c751e8b465ee728b)  -> (artifact id: 'a0dc28d87b051face5ea87286c612f78') in 0.081312 seconds 
========================================================================
Received Import Request.
  Time since last request: 2.876637 seconds.
  path: Assets/Sprites & Tiles/Sprites/rusty platform/changes.psd
  artifactKey: Guid(c9e4460d1a374d943b18318dfbeb817f) Importer(815301076,1909f56bfc062723c751e8b465ee728b)
Start importing Assets/Sprites & Tiles/Sprites/rusty platform/changes.psd using Guid(c9e4460d1a374d943b18318dfbeb817f) Importer(815301076,1909f56bfc062723c751e8b465ee728b)  -> (artifact id: 'b714a13221832edae4475188e38a7deb') in 0.164886 seconds 
========================================================================
Received Import Request.
  Time since last request: 0.000039 seconds.
  path: Assets/Sprites & Tiles/Sprites/rusty platform/Untitled-1 1.psd
  artifactKey: Guid(8ff5d7cd6964e8c40add224af350584a) Importer(815301076,1909f56bfc062723c751e8b465ee728b)
Start importing Assets/Sprites & Tiles/Sprites/rusty platform/Untitled-1 1.psd using Guid(8ff5d7cd6964e8c40add224af350584a) Importer(815301076,1909f56bfc062723c751e8b465ee728b)  -> (artifact id: '837104c3d0869daa06b0f5791a32726e') in 1.116184 seconds 
========================================================================
Received Import Request.
  Time since last request: 4.931180 seconds.
  path: Assets/Sprites & Tiles/Sprites/rusty platform/Untitled-1 1_10.asset
  artifactKey: Guid(198a4052c25f4ce4388afc876a24040f) Importer(815301076,1909f56bfc062723c751e8b465ee728b)
Start importing Assets/Sprites & Tiles/Sprites/rusty platform/Untitled-1 1_10.asset using Guid(198a4052c25f4ce4388afc876a24040f) Importer(815301076,1909f56bfc062723c751e8b465ee728b)  -> (artifact id: 'bc468d0f75f7cd498af0c11846b7127e') in 0.043301 seconds 
========================================================================
Received Import Request.
  Time since last request: 0.000052 seconds.
  path: Assets/Sprites & Tiles/Sprites/rusty platform/Untitled-1 1_12.asset
  artifactKey: Guid(1f6087782be07384eaf3c202b78249a3) Importer(815301076,1909f56bfc062723c751e8b465ee728b)
Start importing Assets/Sprites & Tiles/Sprites/rusty platform/Untitled-1 1_12.asset using Guid(1f6087782be07384eaf3c202b78249a3) Importer(815301076,1909f56bfc062723c751e8b465ee728b)  -> (artifact id: '59af0c6ff89e18bb86fee2e57e05c020') in 0.031638 seconds 
========================================================================
Received Import Request.
  Time since last request: 0.038029 seconds.
  path: Assets/Sprites & Tiles/Sprites/rusty platform/Untitled-1 1_14.asset
  artifactKey: Guid(db73e0e18f416d34dac5e4d5414c6a6d) Importer(815301076,1909f56bfc062723c751e8b465ee728b)
Start importing Assets/Sprites & Tiles/Sprites/rusty platform/Untitled-1 1_14.asset using Guid(db73e0e18f416d34dac5e4d5414c6a6d) Importer(815301076,1909f56bfc062723c751e8b465ee728b)  -> (artifact id: 'a3b4f7cfbc3efe2c7f49973622bcfe5f') in 0.051605 seconds 
========================================================================
Received Import Request.
  Time since last request: 0.037999 seconds.
  path: Assets/Sprites & Tiles/Sprites/rusty platform/Untitled-1 1_16.asset
  artifactKey: Guid(5b3d2ade27a07c34e9145ddbda4959c8) Importer(815301076,1909f56bfc062723c751e8b465ee728b)
Start importing Assets/Sprites & Tiles/Sprites/rusty platform/Untitled-1 1_16.asset using Guid(5b3d2ade27a07c34e9145ddbda4959c8) Importer(815301076,1909f56bfc062723c751e8b465ee728b)  -> (artifact id: '8ecad942524034d42dfbcba994094503') in 0.045282 seconds 
========================================================================
Received Import Request.
  Time since last request: 0.000035 seconds.
  path: Assets/Sprites & Tiles/Sprites/rusty platform/Untitled-1 1_18.asset
  artifactKey: Guid(d0287c4c93486aa49ae4c33eeb90fc0d) Importer(815301076,1909f56bfc062723c751e8b465ee728b)
Start importing Assets/Sprites & Tiles/Sprites/rusty platform/Untitled-1 1_18.asset using Guid(d0287c4c93486aa49ae4c33eeb90fc0d) Importer(815301076,1909f56bfc062723c751e8b465ee728b)  -> (artifact id: 'bec61e1e895bd633a845b2c6f4917438') in 0.064852 seconds 
========================================================================
Received Import Request.
  Time since last request: 6.680841 seconds.
  path: Packages/com.unity.collab-proxy/Editor/PlasticSCM/Assets/Images/d_iconundo.png
  artifactKey: Guid(691dc543ff5b9ca44bf846657ba04161) Importer(815301076,1909f56bfc062723c751e8b465ee728b)
Start importing Packages/com.unity.collab-proxy/Editor/PlasticSCM/Assets/Images/d_iconundo.png using Guid(691dc543ff5b9ca44bf846657ba04161) Importer(815301076,1909f56bfc062723c751e8b465ee728b)  -> (artifact id: '8798b4663aae0b08b47e20efbb0a8880') in 0.049372 seconds 
========================================================================
Received Import Request.
  Time since last request: 0.000033 seconds.
  path: Assets/Sprites/New/sprites/rusty platform/Untitled-1 1.psd
  artifactKey: Guid(af1e068248b6a9e4a8455f5ac1162cb8) Importer(815301076,1909f56bfc062723c751e8b465ee728b)
Start importing Assets/Sprites/New/sprites/rusty platform/Untitled-1 1.psd using Guid(af1e068248b6a9e4a8455f5ac1162cb8) Importer(815301076,1909f56bfc062723c751e8b465ee728b)  -> (artifact id: '0604fe982c636e50b556ec55f5606c5d') in 1.017393 seconds 
========================================================================
Received Import Request.
  Time since last request: 76.288359 seconds.
  path: Packages/com.unity.collab-proxy/Editor/PlasticSCM/Assets/Images/d_secondarytabclose.png
  artifactKey: Guid(6975ee4c1f40caf4da8dd733ee2cfeaf) Importer(815301076,1909f56bfc062723c751e8b465ee728b)
Start importing Packages/com.unity.collab-proxy/Editor/PlasticSCM/Assets/Images/d_secondarytabclose.png using Guid(6975ee4c1f40caf4da8dd733ee2cfeaf) Importer(815301076,1909f56bfc062723c751e8b465ee728b)  -> (artifact id: 'bdd8580e8991bfee5b91cdef03d8d668') in 0.044107 seconds 
========================================================================
Received Import Request.
  Time since last request: 0.000056 seconds.
  path: Assets/Sprites/New/sprites/dash platform/dash platform.psd
  artifactKey: Guid(2537171684284a64b88ffb7bb1b0aed4) Importer(815301076,1909f56bfc062723c751e8b465ee728b)
Start importing Assets/Sprites/New/sprites/dash platform/dash platform.psd using Guid(2537171684284a64b88ffb7bb1b0aed4) Importer(815301076,1909f56bfc062723c751e8b465ee728b)  -> (artifact id: 'bb1fbb83ae0458d70ff87f7c03d343a1') in 0.060130 seconds 
========================================================================
Received Import Request.
  Time since last request: 0.000031 seconds.
  path: Packages/com.unity.collab-proxy/Editor/PlasticSCM/Assets/Images/secondarytabclose.png
  artifactKey: Guid(03cefa94d5aa9d74993fb2138af9d607) Importer(815301076,1909f56bfc062723c751e8b465ee728b)
Start importing Packages/com.unity.collab-proxy/Editor/PlasticSCM/Assets/Images/secondarytabclose.png using Guid(03cefa94d5aa9d74993fb2138af9d607) Importer(815301076,1909f56bfc062723c751e8b465ee728b)  -> (artifact id: 'ddb7541c6f6d740936a457cf03910e28') in 0.062134 seconds 
========================================================================
Received Import Request.
  Time since last request: 0.000059 seconds.
  path: Assets/Sprites/dash platform/dash platform.psd
  artifactKey: Guid(b64ba8a0d7e5fbb4fa41472e1e5a3548) Importer(815301076,1909f56bfc062723c751e8b465ee728b)
Start importing Assets/Sprites/dash platform/dash platform.psd using Guid(b64ba8a0d7e5fbb4fa41472e1e5a3548) Importer(815301076,1909f56bfc062723c751e8b465ee728b)  -> (artifact id: '7e761532f6caac1744ccfe168897908b') in 0.140807 seconds 
========================================================================
Received Import Request.
  Time since last request: 4.695222 seconds.
  path: Assets/Sprites & Tiles/Sprites/dash platform
  artifactKey: Guid(bd0ec059e44e7b941b6699d1d2dfd0d9) Importer(815301076,1909f56bfc062723c751e8b465ee728b)
Start importing Assets/Sprites & Tiles/Sprites/dash platform using Guid(bd0ec059e44e7b941b6699d1d2dfd0d9) Importer(815301076,1909f56bfc062723c751e8b465ee728b)  -> (artifact id: 'a90b5faa23e228d6fe3b836cfa95ed91') in 0.004222 seconds 
========================================================================
Received Import Request.
  Time since last request: 7.823709 seconds.
  path: Assets/Sprites & Tiles/Tiles/floor_0.asset
  artifactKey: Guid(de095909c89046e45ac9668f9424990d) Importer(815301076,1909f56bfc062723c751e8b465ee728b)
Start importing Assets/Sprites & Tiles/Tiles/floor_0.asset using Guid(de095909c89046e45ac9668f9424990d) Importer(815301076,1909f56bfc062723c751e8b465ee728b)  -> (artifact id: 'e08469335568a00bf1dec585187a5488') in 0.050064 seconds 
========================================================================
Received Import Request.
  Time since last request: 0.000048 seconds.
  path: Assets/Sprites & Tiles/Tiles/floor_8.asset
  artifactKey: Guid(113435e62278feb4489ba0c038d9ee21) Importer(815301076,1909f56bfc062723c751e8b465ee728b)
Start importing Assets/Sprites & Tiles/Tiles/floor_8.asset using Guid(113435e62278feb4489ba0c038d9ee21) Importer(815301076,1909f56bfc062723c751e8b465ee728b)  -> (artifact id: 'aad4f7648517bb0e5f9c4a88522ebbe4') in 0.035514 seconds 
========================================================================
Received Import Request.
  Time since last request: 0.000052 seconds.
  path: Assets/Sprites & Tiles/Tiles/floor_7.asset
  artifactKey: Guid(cc5a5c9bced921648ba2ef36f2b71f19) Importer(815301076,1909f56bfc062723c751e8b465ee728b)
Start importing Assets/Sprites & Tiles/Tiles/floor_7.asset using Guid(cc5a5c9bced921648ba2ef36f2b71f19) Importer(815301076,1909f56bfc062723c751e8b465ee728b)  -> (artifact id: '96d78a75fba3dce43ba72a5b921b0b2d') in 0.040657 seconds 
========================================================================
Received Import Request.
  Time since last request: 0.000032 seconds.
  path: Assets/Sprites & Tiles/Tiles/floor_3.asset
  artifactKey: Guid(2a613e00eedc59041a63f3c25303dc62) Importer(815301076,1909f56bfc062723c751e8b465ee728b)
Start importing Assets/Sprites & Tiles/Tiles/floor_3.asset using Guid(2a613e00eedc59041a63f3c25303dc62) Importer(815301076,1909f56bfc062723c751e8b465ee728b)  -> (artifact id: '250b443e666802857456511c32195d63') in 0.031091 seconds 
========================================================================
Received Import Request.
  Time since last request: 0.000032 seconds.
  path: Assets/Sprites & Tiles/Tiles/floor_5.asset
  artifactKey: Guid(bb44dbdfd4dcec946ba2036ba21bc233) Importer(815301076,1909f56bfc062723c751e8b465ee728b)
Start importing Assets/Sprites & Tiles/Tiles/floor_5.asset using Guid(bb44dbdfd4dcec946ba2036ba21bc233) Importer(815301076,1909f56bfc062723c751e8b465ee728b)  -> (artifact id: '4ce187b32dfd6e6bf460a9d16cc39ac4') in 0.041442 seconds 
========================================================================
Received Import Request.
  Time since last request: 1.769670 seconds.
  path: Assets/Sprites & Tiles/Sprites/dash/Frame 1.png
  artifactKey: Guid(ea798fb76dea9b248959457cd4c60968) Importer(815301076,1909f56bfc062723c751e8b465ee728b)
Start importing Assets/Sprites & Tiles/Sprites/dash/Frame 1.png using Guid(ea798fb76dea9b248959457cd4c60968) Importer(815301076,1909f56bfc062723c751e8b465ee728b)  -> (artifact id: '4d59f11a7aeb1f593bcc85541fd3b222') in 0.079462 seconds 
========================================================================
Received Import Request.
  Time since last request: 0.000038 seconds.
  path: Assets/Sprites & Tiles/Sprites/dash/Frame 3.png
  artifactKey: Guid(36a0dbc50c87c644ba74f60b1da6f962) Importer(815301076,1909f56bfc062723c751e8b465ee728b)
Start importing Assets/Sprites & Tiles/Sprites/dash/Frame 3.png using Guid(36a0dbc50c87c644ba74f60b1da6f962) Importer(815301076,1909f56bfc062723c751e8b465ee728b)  -> (artifact id: '39e4dfc47129c17dc218790674796b87') in 0.061950 seconds 
========================================================================
Received Import Request.
  Time since last request: 67.150310 seconds.
  path: Assets/Sprites & Tiles/Sprites/dash platform/dash platform.psd
  artifactKey: Guid(4ead9690ec6aade48a2f3869e80d041b) Importer(815301076,1909f56bfc062723c751e8b465ee728b)
Start importing Assets/Sprites & Tiles/Sprites/dash platform/dash platform.psd using Guid(4ead9690ec6aade48a2f3869e80d041b) Importer(815301076,1909f56bfc062723c751e8b465ee728b)  -> (artifact id: 'b7bb6189f22bc2522bab9ceb2df0a47d') in 0.081014 seconds 
========================================================================
Received Import Request.
  Time since last request: 12.664775 seconds.
  path: Assets/Sprites & Tiles/Sprites/dash platform/dash platform.psd
  artifactKey: Guid(4ead9690ec6aade48a2f3869e80d041b) Importer(815301076,1909f56bfc062723c751e8b465ee728b)
Start importing Assets/Sprites & Tiles/Sprites/dash platform/dash platform.psd using Guid(4ead9690ec6aade48a2f3869e80d041b) Importer(815301076,1909f56bfc062723c751e8b465ee728b)  -> (artifact id: '3f3c1ba37242c670f172be6561d07a41') in 0.013124 seconds 
========================================================================
Received Import Request.
  Time since last request: 17.900893 seconds.
  path: Assets/Sprites & Tiles/Sprites/dash platform/dash platform.psd
  artifactKey: Guid(4ead9690ec6aade48a2f3869e80d041b) Importer(815301076,1909f56bfc062723c751e8b465ee728b)
Start importing Assets/Sprites & Tiles/Sprites/dash platform/dash platform.psd using Guid(4ead9690ec6aade48a2f3869e80d041b) Importer(815301076,1909f56bfc062723c751e8b465ee728b)  -> (artifact id: 'e3b24be4713dc611ee6b2de48db56bb3') in 0.139600 seconds 
========================================================================
Received Import Request.
  Time since last request: 151.680794 seconds.
  path: Assets/Sprites & Tiles/Sprites/dash platform/dash platform.psd
  artifactKey: Guid(4ead9690ec6aade48a2f3869e80d041b) Importer(815301076,1909f56bfc062723c751e8b465ee728b)
Start importing Assets/Sprites & Tiles/Sprites/dash platform/dash platform.psd using Guid(4ead9690ec6aade48a2f3869e80d041b) Importer(815301076,1909f56bfc062723c751e8b465ee728b)  -> (artifact id: 'c25f20cac5fb78ae1d679d1b502ac36f') in 0.117646 seconds 
========================================================================
Received Import Request.
  Time since last request: 54.407976 seconds.
  path: Packages/com.unity.2d.animation/Editor/Assets/SkinningModule/Icons/Selected/Create_Edge.png
  artifactKey: Guid(ad7b296d426713b4593ee1a19fcbf9d1) Importer(815301076,1909f56bfc062723c751e8b465ee728b)
Start importing Packages/com.unity.2d.animation/Editor/Assets/SkinningModule/Icons/Selected/Create_Edge.png using Guid(ad7b296d426713b4593ee1a19fcbf9d1) Importer(815301076,1909f56bfc062723c751e8b465ee728b)  -> (artifact id: '0147cd04aed446391b23d11ff3d87268') in 0.040819 seconds 
========================================================================
Received Import Request.
  Time since last request: 0.000029 seconds.
  path: Packages/com.unity.2d.animation/Editor/Assets/SkinningModule/Icons/Selected/Create_Edge@3x.png
  artifactKey: Guid(374643871a39dd44880f1c0eff14f46c) Importer(815301076,1909f56bfc062723c751e8b465ee728b)
Start importing Packages/com.unity.2d.animation/Editor/Assets/SkinningModule/Icons/Selected/Create_Edge@3x.png using Guid(374643871a39dd44880f1c0eff14f46c) Importer(815301076,1909f56bfc062723c751e8b465ee728b)  -> (artifact id: 'daeb7e57709760502208413089fa14ea') in 0.063130 seconds 
========================================================================
Received Import Request.
  Time since last request: 0.000038 seconds.
  path: Packages/com.unity.2d.animation/Editor/Assets/SkinningModule/Icons/Light/Create_Edge@2x.png
  artifactKey: Guid(3b4e88f5705085042a95960cdcef2561) Importer(815301076,1909f56bfc062723c751e8b465ee728b)
Start importing Packages/com.unity.2d.animation/Editor/Assets/SkinningModule/Icons/Light/Create_Edge@2x.png using Guid(3b4e88f5705085042a95960cdcef2561) Importer(815301076,1909f56bfc062723c751e8b465ee728b)  -> (artifact id: '2675bf5843755b16bcb130ef239bd838') in 0.044795 seconds 
========================================================================
Received Import Request.
  Time since last request: 35.240272 seconds.
  path: Packages/com.unity.2d.animation/Editor/Assets/SkinningModule/Icons/Dark/d_Visibility_Tool@4x 1.png
  artifactKey: Guid(1748e795fc2216743b74f9f19e87888e) Importer(815301076,1909f56bfc062723c751e8b465ee728b)
Start importing Packages/com.unity.2d.animation/Editor/Assets/SkinningModule/Icons/Dark/d_Visibility_Tool@4x 1.png using Guid(1748e795fc2216743b74f9f19e87888e) Importer(815301076,1909f56bfc062723c751e8b465ee728b)  -> (artifact id: 'f18e50c0a6e3daccda1000d1d8314554') in 0.095200 seconds 
========================================================================
Received Import Request.
  Time since last request: 0.000047 seconds.
  path: Packages/com.unity.2d.animation/Editor/Assets/SkinningModule/Icons/Dark/d_Visibility_Tool@4x.png
  artifactKey: Guid(575e67e67fc4b3349bef2112e32f0be3) Importer(815301076,1909f56bfc062723c751e8b465ee728b)
Start importing Packages/com.unity.2d.animation/Editor/Assets/SkinningModule/Icons/Dark/d_Visibility_Tool@4x.png using Guid(575e67e67fc4b3349bef2112e32f0be3) Importer(815301076,1909f56bfc062723c751e8b465ee728b)  -> (artifact id: '64854fe13a11abaa78d59f4e8ffdc3c8') in 0.069176 seconds 
========================================================================
Received Import Request.
  Time since last request: 0.000050 seconds.
  path: Packages/com.unity.2d.animation/Editor/Assets/SkinningModule/Icons/Selected/d_Visibility_Tool@2x.png
  artifactKey: Guid(a9e89ee3f041fa5459a4e78b37d1e58e) Importer(815301076,1909f56bfc062723c751e8b465ee728b)
Start importing Packages/com.unity.2d.animation/Editor/Assets/SkinningModule/Icons/Selected/d_Visibility_Tool@2x.png using Guid(a9e89ee3f041fa5459a4e78b37d1e58e) Importer(815301076,1909f56bfc062723c751e8b465ee728b)  -> (artifact id: '937c2b687f042d7db64b3657d3577d6d') in 0.058624 seconds 
========================================================================
Received Import Request.
  Time since last request: 0.000024 seconds.
  path: Packages/com.unity.2d.animation/Editor/Assets/SkinningModule/Icons/Selected/d_Visibility_Hidded@3x.png
  artifactKey: Guid(dc1f494fe190bd54bb487d11e639d5fc) Importer(815301076,1909f56bfc062723c751e8b465ee728b)
Start importing Packages/com.unity.2d.animation/Editor/Assets/SkinningModule/Icons/Selected/d_Visibility_Hidded@3x.png using Guid(dc1f494fe190bd54bb487d11e639d5fc) Importer(815301076,1909f56bfc062723c751e8b465ee728b)  -> (artifact id: '8f0812541866d04e1997590478fec8ba') in 0.069336 seconds 
========================================================================
Received Import Request.
  Time since last request: 0.000033 seconds.
  path: Packages/com.unity.2d.animation/Editor/Assets/SkinningModule/Icons/Selected/d_Visibility_Tool.png
  artifactKey: Guid(cc4d24c10deda874e9f3470976b7d396) Importer(815301076,1909f56bfc062723c751e8b465ee728b)
Start importing Packages/com.unity.2d.animation/Editor/Assets/SkinningModule/Icons/Selected/d_Visibility_Tool.png using Guid(cc4d24c10deda874e9f3470976b7d396) Importer(815301076,1909f56bfc062723c751e8b465ee728b)  -> (artifact id: '22fe13dfec9b99d8c9ffb41dab0512f3') in 0.060926 seconds 
========================================================================
Received Import Request.
  Time since last request: 0.000039 seconds.
  path: Packages/com.unity.2d.animation/Editor/Assets/SkinningModule/Icons/Selected/d_Visibility_Hidded@4x.png
  artifactKey: Guid(8008767850e870a4e8baaf5a6fc8b35c) Importer(815301076,1909f56bfc062723c751e8b465ee728b)
Start importing Packages/com.unity.2d.animation/Editor/Assets/SkinningModule/Icons/Selected/d_Visibility_Hidded@4x.png using Guid(8008767850e870a4e8baaf5a6fc8b35c) Importer(815301076,1909f56bfc062723c751e8b465ee728b)  -> (artifact id: 'f97fba3a424eca7a4627206bce0344f2') in 0.087434 seconds 
========================================================================
Received Import Request.
  Time since last request: 0.000046 seconds.
  path: Packages/com.unity.2d.animation/Editor/Assets/SkinningModule/Icons/Selected/d_Visibility_Tool@4x.png
  artifactKey: Guid(0167a2d235421ca4f8095daaa1defd4f) Importer(815301076,1909f56bfc062723c751e8b465ee728b)
Start importing Packages/com.unity.2d.animation/Editor/Assets/SkinningModule/Icons/Selected/d_Visibility_Tool@4x.png using Guid(0167a2d235421ca4f8095daaa1defd4f) Importer(815301076,1909f56bfc062723c751e8b465ee728b)  -> (artifact id: '95e99ce4097051dcf5a13bbabb2f5e3a') in 0.051844 seconds 
========================================================================
Received Import Request.
  Time since last request: 0.000033 seconds.
  path: Packages/com.unity.2d.animation/Editor/Assets/SkinningModule/Icons/Selected/d_Visibility_Tool@3x.png
  artifactKey: Guid(46d5b7ee1aaae3c4d9fd3a54774428d5) Importer(815301076,1909f56bfc062723c751e8b465ee728b)
Start importing Packages/com.unity.2d.animation/Editor/Assets/SkinningModule/Icons/Selected/d_Visibility_Tool@3x.png using Guid(46d5b7ee1aaae3c4d9fd3a54774428d5) Importer(815301076,1909f56bfc062723c751e8b465ee728b)  -> (artifact id: '67dbb2c9bbc22d5705ce4be96f34487e') in 0.069128 seconds 
========================================================================
Received Import Request.
  Time since last request: 0.000029 seconds.
  path: Packages/com.unity.2d.animation/Editor/Assets/SkinningModule/Icons/Dark/d_Weight_Slider@3x.png
  artifactKey: Guid(3120ec2beffde56499fe86f755fc25b9) Importer(815301076,1909f56bfc062723c751e8b465ee728b)
Start importing Packages/com.unity.2d.animation/Editor/Assets/SkinningModule/Icons/Dark/d_Weight_Slider@3x.png using Guid(3120ec2beffde56499fe86f755fc25b9) Importer(815301076,1909f56bfc062723c751e8b465ee728b)  -> (artifact id: '79fd30905ac2740ed9612bd7de52810c') in 0.071789 seconds 
========================================================================
Received Import Request.
  Time since last request: 0.000036 seconds.
  path: Packages/com.unity.2d.animation/Editor/Assets/SkinningModule/Icons/Dark/d_Visibility_Hidded@4x.png
  artifactKey: Guid(36502ae6ddbac9e4dbf8fcd5889d661d) Importer(815301076,1909f56bfc062723c751e8b465ee728b)
Start importing Packages/com.unity.2d.animation/Editor/Assets/SkinningModule/Icons/Dark/d_Visibility_Hidded@4x.png using Guid(36502ae6ddbac9e4dbf8fcd5889d661d) Importer(815301076,1909f56bfc062723c751e8b465ee728b)  -> (artifact id: '2e77855edc4e1a6e587ab60ec17eae47') in 0.068119 seconds 
========================================================================
Received Import Request.
  Time since last request: 0.000109 seconds.
  path: Packages/com.unity.2d.animation/Editor/Assets/SkinningModule/Icons/Dark/d_Visibility_Hidded.png
  artifactKey: Guid(331d72d503bf74243aa04430504cee09) Importer(815301076,1909f56bfc062723c751e8b465ee728b)
Start importing Packages/com.unity.2d.animation/Editor/Assets/SkinningModule/Icons/Dark/d_Visibility_Hidded.png using Guid(331d72d503bf74243aa04430504cee09) Importer(815301076,1909f56bfc062723c751e8b465ee728b)  -> (artifact id: 'a88d4b96e5a853fad1fec1e46a76bcd3') in 0.066566 seconds 
========================================================================
Received Import Request.
  Time since last request: 12.859510 seconds.
  path: Assets/Sprites/New/sprites/rusty platform/changes.psd
  artifactKey: Guid(ab0500926074f5e4d9c1e4b7a2fc922a) Importer(815301076,1909f56bfc062723c751e8b465ee728b)
Start importing Assets/Sprites/New/sprites/rusty platform/changes.psd using Guid(ab0500926074f5e4d9c1e4b7a2fc922a) Importer(815301076,1909f56bfc062723c751e8b465ee728b)  -> (artifact id: 'd28caa4189facb23123feb7357ee2bc2') in 0.079973 seconds 
========================================================================
Received Import Request.
  Time since last request: 0.000030 seconds.
  path: Packages/com.unity.2d.animation/Editor/Assets/SkinningModule/Icons/Light/Create Bones@4x.png
  artifactKey: Guid(f618c5fe13b18994aa5aee8b97d8dca1) Importer(815301076,1909f56bfc062723c751e8b465ee728b)
Start importing Packages/com.unity.2d.animation/Editor/Assets/SkinningModule/Icons/Light/Create Bones@4x.png using Guid(f618c5fe13b18994aa5aee8b97d8dca1) Importer(815301076,1909f56bfc062723c751e8b465ee728b)  -> (artifact id: 'caecd51a4800e105134f39bf38f28604') in 0.060720 seconds 
========================================================================
Received Import Request.
  Time since last request: 156.758041 seconds.
  path: Assets/Sprites & Tiles/Sprites/wires.asset
  artifactKey: Guid(13a14a004cdd04c4ca6c5901782e2db2) Importer(815301076,1909f56bfc062723c751e8b465ee728b)
Start importing Assets/Sprites & Tiles/Sprites/wires.asset using Guid(13a14a004cdd04c4ca6c5901782e2db2) Importer(815301076,1909f56bfc062723c751e8b465ee728b)  -> (artifact id: '92705f96bac290cf34620ea5df1fc399') in 0.055472 seconds 
========================================================================
Received Import Request.
  Time since last request: 8.406249 seconds.
  path: Packages/com.unity.2d.animation/Editor/Assets/SkinningModule/Icons/Dark/d_Generate_Weights.png
  artifactKey: Guid(05c5f13370d29414b9489151a4f5c666) Importer(815301076,1909f56bfc062723c751e8b465ee728b)
Start importing Packages/com.unity.2d.animation/Editor/Assets/SkinningModule/Icons/Dark/d_Generate_Weights.png using Guid(05c5f13370d29414b9489151a4f5c666) Importer(815301076,1909f56bfc062723c751e8b465ee728b)  -> (artifact id: 'd148e28bd2c21b7419a3cbf3dedabe20') in 0.044320 seconds 
========================================================================
Received Import Request.
  Time since last request: 0.000033 seconds.
  path: Packages/com.unity.collab-proxy/Editor/PlasticSCM/Assets/Images/d_iconplasticview.png
  artifactKey: Guid(519d97e745e55f041b609f3666cbc037) Importer(815301076,1909f56bfc062723c751e8b465ee728b)
Start importing Packages/com.unity.collab-proxy/Editor/PlasticSCM/Assets/Images/d_iconplasticview.png using Guid(519d97e745e55f041b609f3666cbc037) Importer(815301076,1909f56bfc062723c751e8b465ee728b)  -> (artifact id: '3521d599db954fa3db09640469787c21') in 0.075064 seconds 
========================================================================
Received Import Request.
  Time since last request: 0.000032 seconds.
  path: Packages/com.unity.2d.animation/Editor/Assets/SkinningModule/Icons/Dark/d_Generate_Weights@4x.png
  artifactKey: Guid(8e88614a5d2aead4998a8c70955662c6) Importer(815301076,1909f56bfc062723c751e8b465ee728b)
Start importing Packages/com.unity.2d.animation/Editor/Assets/SkinningModule/Icons/Dark/d_Generate_Weights@4x.png using Guid(8e88614a5d2aead4998a8c70955662c6) Importer(815301076,1909f56bfc062723c751e8b465ee728b)  -> (artifact id: 'f0e43e98a6a396b94e7c463b7c0c6042') in 0.071137 seconds 
========================================================================
Received Import Request.
  Time since last request: 19.688417 seconds.
  path: Assets/Sprites & Tiles/Sprites/wires.png
  artifactKey: Guid(fbee71d7647f7e24f8dfd5858278aaf6) Importer(815301076,1909f56bfc062723c751e8b465ee728b)
Start importing Assets/Sprites & Tiles/Sprites/wires.png using Guid(fbee71d7647f7e24f8dfd5858278aaf6) Importer(815301076,1909f56bfc062723c751e8b465ee728b)  -> (artifact id: '28ffe2c37a3ac94cc9599b32501dafbd') in 0.023988 seconds 
========================================================================
Received Import Request.
  Time since last request: 101.636748 seconds.
  path: Packages/com.unity.2d.animation/Editor/Assets/SkinningModule/Icons/Light/Weight_Slider.png
  artifactKey: Guid(aa91af43c72989f44bf937fd28243bc7) Importer(815301076,1909f56bfc062723c751e8b465ee728b)
Start importing Packages/com.unity.2d.animation/Editor/Assets/SkinningModule/Icons/Light/Weight_Slider.png using Guid(aa91af43c72989f44bf937fd28243bc7) Importer(815301076,1909f56bfc062723c751e8b465ee728b)  -> (artifact id: '2bb3f2b8459c8ac3fa3693a04ce4103d') in 0.069658 seconds 
========================================================================
Received Import Request.
  Time since last request: 0.000030 seconds.
  path: Packages/com.unity.2d.animation/Editor/Assets/SkinningModule/Icons/Selected/Weight_Slider@4x.png
  artifactKey: Guid(ac47ed8ccc79cf04dae198b9cc5b3a6f) Importer(815301076,1909f56bfc062723c751e8b465ee728b)
Start importing Packages/com.unity.2d.animation/Editor/Assets/SkinningModule/Icons/Selected/Weight_Slider@4x.png using Guid(ac47ed8ccc79cf04dae198b9cc5b3a6f) Importer(815301076,1909f56bfc062723c751e8b465ee728b)  -> (artifact id: '875a5cdd14b5c521f36785b4e2cdff95') in 0.061268 seconds 
========================================================================
Received Import Request.
  Time since last request: 0.000038 seconds.
  path: Packages/com.unity.2d.animation/Editor/Assets/SkinningModule/Icons/Light/Weight_Slider@2x.png
  artifactKey: Guid(6306a4776b130304bba7a139fc1d2bb8) Importer(815301076,1909f56bfc062723c751e8b465ee728b)
Start importing Packages/com.unity.2d.animation/Editor/Assets/SkinningModule/Icons/Light/Weight_Slider@2x.png using Guid(6306a4776b130304bba7a139fc1d2bb8) Importer(815301076,1909f56bfc062723c751e8b465ee728b)  -> (artifact id: 'be1641783ff66fc55cfda9bfc17f5b9b') in 0.064582 seconds 
========================================================================
Received Import Request.
  Time since last request: 0.000076 seconds.
  path: Packages/com.unity.collab-proxy/Editor/PlasticSCM/Assets/Images/xlink.png
  artifactKey: Guid(556a2f3b046024d4c9621c1b4be5f0c1) Importer(815301076,1909f56bfc062723c751e8b465ee728b)
Start importing Packages/com.unity.collab-proxy/Editor/PlasticSCM/Assets/Images/xlink.png using Guid(556a2f3b046024d4c9621c1b4be5f0c1) Importer(815301076,1909f56bfc062723c751e8b465ee728b)  -> (artifact id: 'ec822e12d19f8b4b3d2fd525efce4759') in 0.066202 seconds 
