Using pre-set license
Built from '2021.3/staging' branch; Version is '2021.3.21f1 (1b156197d683) revision 1774945'; Using compiler version '192829333'; Build Type 'Release'
OS: 'Windows 10  (10.0.19045) 64bit Professional' Language: 'en' Physical Memory: 16283 MB
BatchMode: 1, IsHumanControllingUs: 0, StartBugReporterOnCrash: 0, Is64bit: 1, IsPro: 1

COMMAND LINE ARGUMENTS:
C:\Program Files\Unity\Hub\Editor\2021.3.21f1\Editor\Unity.exe
-adb2
-batchMode
-noUpm
-name
AssetImportWorker0
-projectPath
C:/Users/anasa/Unity Projects/test_game
-logFile
Logs/AssetImportWorker0.log
-srvPort
1676
Successfully changed project path to: C:/Users/anasa/Unity Projects/test_game
C:/Users/anasa/Unity Projects/test_game
[UnityMemory] Configuration Parameters - Can be set up in boot.config
    "memorysetup-bucket-allocator-granularity=16"
    "memorysetup-bucket-allocator-bucket-count=8"
    "memorysetup-bucket-allocator-block-size=33554432"
    "memorysetup-bucket-allocator-block-count=8"
    "memorysetup-main-allocator-block-size=16777216"
    "memorysetup-thread-allocator-block-size=16777216"
    "memorysetup-gfx-main-allocator-block-size=16777216"
    "memorysetup-gfx-thread-allocator-block-size=16777216"
    "memorysetup-cache-allocator-block-size=4194304"
    "memorysetup-typetree-allocator-block-size=2097152"
    "memorysetup-profiler-bucket-allocator-granularity=16"
    "memorysetup-profiler-bucket-allocator-bucket-count=8"
    "memorysetup-profiler-bucket-allocator-block-size=33554432"
    "memorysetup-profiler-bucket-allocator-block-count=8"
    "memorysetup-profiler-allocator-block-size=16777216"
    "memorysetup-profiler-editor-allocator-block-size=1048576"
    "memorysetup-temp-allocator-size-main=16777216"
    "memorysetup-job-temp-allocator-block-size=2097152"
    "memorysetup-job-temp-allocator-block-size-background=1048576"
    "memorysetup-job-temp-allocator-reduction-small-platforms=262144"
    "memorysetup-temp-allocator-size-background-worker=32768"
    "memorysetup-temp-allocator-size-job-worker=262144"
    "memorysetup-temp-allocator-size-preload-manager=33554432"
    "memorysetup-temp-allocator-size-nav-mesh-worker=65536"
    "memorysetup-temp-allocator-size-audio-worker=65536"
    "memorysetup-temp-allocator-size-cloud-worker=32768"
    "memorysetup-temp-allocator-size-gi-baking-worker=262144"
    "memorysetup-temp-allocator-size-gfx=262144"
Player connection [7376] Host "[IP] 192.168.1.102 [Port] 0 [Flags] 2 [Guid] 3366237103 [EditorId] 3366237103 [Version] 1048832 [Id] WindowsEditor(7,ASK-029) [Debug] 1 [PackageName] WindowsEditor [ProjectName] Editor" joined multi-casting on [225.0.0.222:54997]...

Player connection [7376] Host "[IP] 192.168.1.102 [Port] 0 [Flags] 2 [Guid] 3366237103 [EditorId] 3366237103 [Version] 1048832 [Id] WindowsEditor(7,ASK-029) [Debug] 1 [PackageName] WindowsEditor [ProjectName] Editor" joined alternative multi-casting on [225.0.0.222:34997]...

Refreshing native plugins compatible for Editor in 278.26 ms, found 4 plugins.
Preloading 0 native plugins for Editor in 0.00 ms.
Initialize engine version: 2021.3.21f1 (1b156197d683)
[Subsystems] Discovering subsystems at path C:/Program Files/Unity/Hub/Editor/2021.3.21f1/Editor/Data/Resources/UnitySubsystems
[Subsystems] Discovering subsystems at path C:/Users/anasa/Unity Projects/test_game/Assets
GfxDevice: creating device client; threaded=0; jobified=0
Direct3D:
    Version:  Direct3D 11.0 [level 11.1]
    Renderer: Intel(R) HD Graphics 520 (ID=0x1916)
    Vendor:   Intel
    VRAM:     8141 MB
    Driver:   31.0.101.2111
Initialize mono
Mono path[0] = 'C:/Program Files/Unity/Hub/Editor/2021.3.21f1/Editor/Data/Managed'
Mono path[1] = 'C:/Program Files/Unity/Hub/Editor/2021.3.21f1/Editor/Data/MonoBleedingEdge/lib/mono/unityjit-win32'
Mono config path = 'C:/Program Files/Unity/Hub/Editor/2021.3.21f1/Editor/Data/MonoBleedingEdge/etc'
Using monoOptions --debugger-agent=transport=dt_socket,embedding=1,server=y,suspend=n,address=127.0.0.1:56412
Begin MonoManager ReloadAssembly
Registering precompiled unity dll's ...
Register platform support module: C:/Program Files/Unity/Hub/Editor/2021.3.21f1/Editor/Data/PlaybackEngines/WebGLSupport/UnityEditor.WebGL.Extensions.dll
Register platform support module: C:/Program Files/Unity/Hub/Editor/2021.3.21f1/Editor/Data/PlaybackEngines/WindowsStandaloneSupport/UnityEditor.WindowsStandalone.Extensions.dll
Registered in 0.020216 seconds.
Native extension for WindowsStandalone target not found
Native extension for WebGL target not found
Refreshing native plugins compatible for Editor in 286.53 ms, found 4 plugins.
Preloading 0 native plugins for Editor in 0.00 ms.
Mono: successfully reloaded assembly
- Completed reload, in  1.649 seconds
Domain Reload Profiling:
	ReloadAssembly (1650ms)
		BeginReloadAssembly (179ms)
			ExecutionOrderSort (0ms)
			DisableScriptedObjects (0ms)
			BackupInstance (0ms)
			ReleaseScriptingObjects (0ms)
			CreateAndSetChildDomain (1ms)
		EndReloadAssembly (1203ms)
			LoadAssemblies (176ms)
			RebuildTransferFunctionScriptingTraits (0ms)
			SetupTypeCache (348ms)
			ReleaseScriptCaches (0ms)
			RebuildScriptCaches (54ms)
			SetupLoadedEditorAssemblies (698ms)
				LogAssemblyErrors (0ms)
				InitializePlatformSupportModulesInManaged (18ms)
				SetLoadedEditorAssemblies (0ms)
				RefreshPlugins (287ms)
				BeforeProcessingInitializeOnLoad (6ms)
				ProcessInitializeOnLoadAttributes (295ms)
				ProcessInitializeOnLoadMethodAttributes (92ms)
				AfterProcessingInitializeOnLoad (0ms)
				EditorAssembliesLoaded (0ms)
			ExecutionOrderSort2 (0ms)
			AwakeInstancesAfterBackupRestoration (0ms)
Platform modules already initialized, skipping
Registering precompiled user dll's ...
Registered in 0.013547 seconds.
Begin MonoManager ReloadAssembly
Symbol file LoadedFromMemory doesn't match image C:\Users\anasa\Unity Projects\test_game\Library\PackageCache\com.unity.visualscripting@1.8.0\Editor\VisualScripting.Core\Dependencies\YamlDotNet\Unity.VisualScripting.YamlDotNet.dll
Symbol file LoadedFromMemory doesn't match image C:\Users\anasa\Unity Projects\test_game\Library\PackageCache\com.unity.visualscripting@1.8.0\Editor\VisualScripting.Core\Dependencies\DotNetZip\Unity.VisualScripting.IonicZip.dll
Native extension for WindowsStandalone target not found
Native extension for WebGL target not found
Refreshing native plugins compatible for Editor in 175.33 ms, found 4 plugins.
Preloading 0 native plugins for Editor in 0.00 ms.
Mono: successfully reloaded assembly
- Completed reload, in  2.385 seconds
Domain Reload Profiling:
	ReloadAssembly (2387ms)
		BeginReloadAssembly (231ms)
			ExecutionOrderSort (0ms)
			DisableScriptedObjects (13ms)
			BackupInstance (0ms)
			ReleaseScriptingObjects (0ms)
			CreateAndSetChildDomain (35ms)
		EndReloadAssembly (1937ms)
			LoadAssemblies (176ms)
			RebuildTransferFunctionScriptingTraits (0ms)
			SetupTypeCache (504ms)
			ReleaseScriptCaches (1ms)
			RebuildScriptCaches (124ms)
			SetupLoadedEditorAssemblies (1044ms)
				LogAssemblyErrors (0ms)
				InitializePlatformSupportModulesInManaged (13ms)
				SetLoadedEditorAssemblies (0ms)
				RefreshPlugins (175ms)
				BeforeProcessingInitializeOnLoad (167ms)
				ProcessInitializeOnLoadAttributes (597ms)
				ProcessInitializeOnLoadMethodAttributes (74ms)
				AfterProcessingInitializeOnLoad (17ms)
				EditorAssembliesLoaded (0ms)
			ExecutionOrderSort2 (0ms)
			AwakeInstancesAfterBackupRestoration (14ms)
Platform modules already initialized, skipping
========================================================================
Worker process is ready to serve import requests
Launched and connected shader compiler UnityShaderCompiler.exe after 0.18 seconds
Refreshing native plugins compatible for Editor in 1.73 ms, found 4 plugins.
Preloading 0 native plugins for Editor in 0.00 ms.
Unloading 4261 Unused Serialized files (Serialized files now loaded: 0)
Unloading 51 unused Assets / (129.4 KB). Loaded Objects now: 4721.
Memory consumption went from 162.1 MB to 162.0 MB.
Total: 8.060000 ms (FindLiveObjects: 0.702700 ms CreateObjectMapping: 0.648900 ms MarkObjects: 6.471500 ms  DeleteObjects: 0.234900 ms)

AssetImportParameters requested are different than current active one (requested -> active):
  custom:video-decoder-ogg-theora: a1e56fd34408186e4bbccfd4996cb3dc -> 
  custom:container-muxer-webm: aa71ff27fc2769a1b78a27578f13a17b -> 
  custom:container-demuxer-webm: 4f35f7cbe854078d1ac9338744f61a02 -> 
  custom:video-encoder-webm-vp8: eb34c28f22e8b96e1ab97ce403110664 -> 
  custom:audio-encoder-webm-vorbis: bf7c407c2cedff20999df2af8eb42d56 -> 
  custom:framework-win-MediaFoundation: 216162199b28c13a410421893ffa2e32 -> 
  custom:container-demuxer-ogg: 62fdf1f143b41e24485cea50d1cbac27 -> 
  custom:video-decoder-webm-vp8: 9c59270c3fd7afecdb556c50c9e8de78 -> 
  custom:audio-decoder-ogg-vorbis: bf7c407c2cedff20999df2af8eb42d56 -> 
========================================================================
Received Import Request.
  Time since last request: 3551.162836 seconds.
  path: Assets/Scenes/SampleScene.unity
  artifactKey: Guid(2cda990e2423bbf4892e6590ba056729) Importer(815301076,1909f56bfc062723c751e8b465ee728b)
Start importing Assets/Scenes/SampleScene.unity using Guid(2cda990e2423bbf4892e6590ba056729) Importer(815301076,1909f56bfc062723c751e8b465ee728b)  -> (artifact id: '3710019756fbf387a448646b17bce9d8') in 0.032329 seconds 
========================================================================
Received Import Request.
  Time since last request: 59.202726 seconds.
  path: Assets/Materials/bounce.physicsMaterial2D
  artifactKey: Guid(42047aeee33d6104e8ee67e5b1fd581e) Importer(815301076,1909f56bfc062723c751e8b465ee728b)
Start importing Assets/Materials/bounce.physicsMaterial2D using Guid(42047aeee33d6104e8ee67e5b1fd581e) Importer(815301076,1909f56bfc062723c751e8b465ee728b)  -> (artifact id: 'aa29fc08de8d17da8d802e19c9c44832') in 0.084621 seconds 
========================================================================
Received Import Request.
  Time since last request: 0.000027 seconds.
  path: Assets/Materials/Zero Fraction.physicsMaterial2D
  artifactKey: Guid(bb2b19ca896919847ac0bb5869fb92ad) Importer(815301076,1909f56bfc062723c751e8b465ee728b)
Start importing Assets/Materials/Zero Fraction.physicsMaterial2D using Guid(bb2b19ca896919847ac0bb5869fb92ad) Importer(815301076,1909f56bfc062723c751e8b465ee728b)  -> (artifact id: '2ea1a162ba195bbe3a1808a538e567d4') in 0.020075 seconds 
========================================================================
Received Import Request.
  Time since last request: 8.187327 seconds.
  path: Assets/Sprites/DashDirectionIndicator.png
  artifactKey: Guid(95c107550c40d934e85da2407aa1fd17) Importer(815301076,1909f56bfc062723c751e8b465ee728b)
Start importing Assets/Sprites/DashDirectionIndicator.png using Guid(95c107550c40d934e85da2407aa1fd17) Importer(815301076,1909f56bfc062723c751e8b465ee728b)  -> (artifact id: 'fcf3866db5d14d091a73af0978d53bc1') in 0.223331 seconds 
========================================================================
Received Import Request.
  Time since last request: 0.000035 seconds.
  path: Assets/Sprites/SPA_Player_Ginger.png
  artifactKey: Guid(4bfed786282586946b80efa75b145bec) Importer(815301076,1909f56bfc062723c751e8b465ee728b)
Start importing Assets/Sprites/SPA_Player_Ginger.png using Guid(4bfed786282586946b80efa75b145bec) Importer(815301076,1909f56bfc062723c751e8b465ee728b)  -> (artifact id: 'd80f97c28311e5be6989cf10fc8a332f') in 0.121564 seconds 
========================================================================
Received Import Request.
  Time since last request: 0.000044 seconds.
  path: Assets/Sprites/pixil-frame-0 (2).png
  artifactKey: Guid(f1be0dadb249c5643a85f44351cf0f5d) Importer(815301076,1909f56bfc062723c751e8b465ee728b)
Start importing Assets/Sprites/pixil-frame-0 (2).png using Guid(f1be0dadb249c5643a85f44351cf0f5d) Importer(815301076,1909f56bfc062723c751e8b465ee728b)  -> (artifact id: '8ec49558d79b5c4852f0a7946d709483') in 0.046026 seconds 
========================================================================
Received Import Request.
  Time since last request: 14.284136 seconds.
  path: Assets/Sprites/Idle
  artifactKey: Guid(668c4e3405b4663409cbd0ba86338545) Importer(815301076,1909f56bfc062723c751e8b465ee728b)
Start importing Assets/Sprites/Idle using Guid(668c4e3405b4663409cbd0ba86338545) Importer(815301076,1909f56bfc062723c751e8b465ee728b)  -> (artifact id: '4f049efc3c9d5d3aa73600eedd846730') in 0.020597 seconds 
========================================================================
Received Import Request.
  Time since last request: 1.214118 seconds.
  path: Assets/Sprites/Idle/pixil-frame-0.png
  artifactKey: Guid(b3d062b6468503b458894b8db0f481b9) Importer(815301076,1909f56bfc062723c751e8b465ee728b)
Start importing Assets/Sprites/Idle/pixil-frame-0.png using Guid(b3d062b6468503b458894b8db0f481b9) Importer(815301076,1909f56bfc062723c751e8b465ee728b)  -> (artifact id: 'd576099977e85dd91df73c67351d9cf3') in 0.065640 seconds 
========================================================================
Received Import Request.
  Time since last request: 0.000037 seconds.
  path: Assets/Sprites/Idle/pixil-frame-2.png
  artifactKey: Guid(b32ffde4537c2e64987a60faedb6c5b0) Importer(815301076,1909f56bfc062723c751e8b465ee728b)
Start importing Assets/Sprites/Idle/pixil-frame-2.png using Guid(b32ffde4537c2e64987a60faedb6c5b0) Importer(815301076,1909f56bfc062723c751e8b465ee728b)  -> (artifact id: 'c4a0bfa21cd10386843515a3ccb09ba2') in 0.033432 seconds 
========================================================================
Received Import Request.
  Time since last request: 0.000060 seconds.
  path: Assets/Sprites/Idle/pixil-frame-3.png
  artifactKey: Guid(80b8b113a0eaa694582346fbe2b05f8b) Importer(815301076,1909f56bfc062723c751e8b465ee728b)
Start importing Assets/Sprites/Idle/pixil-frame-3.png using Guid(80b8b113a0eaa694582346fbe2b05f8b) Importer(815301076,1909f56bfc062723c751e8b465ee728b)  -> (artifact id: 'c3e55ea5d0f2a92b42858cceb9e6f9fd') in 0.030637 seconds 
========================================================================
Received Import Request.
  Time since last request: 0.000070 seconds.
  path: Assets/Sprites/Idle/pixil-frame-1.png
  artifactKey: Guid(f468d9ef914b3ee40a6832ba6d1649cd) Importer(815301076,1909f56bfc062723c751e8b465ee728b)
Start importing Assets/Sprites/Idle/pixil-frame-1.png using Guid(f468d9ef914b3ee40a6832ba6d1649cd) Importer(815301076,1909f56bfc062723c751e8b465ee728b)  -> (artifact id: 'dd91c5079d064dea23f60b5042d055c2') in 0.032946 seconds 
========================================================================
Received Import Request.
  Time since last request: 0.000033 seconds.
  path: Assets/Sprites/Idle/pixil-frame-4.png
  artifactKey: Guid(e174cf9f65e09ff4c95193ff06f301b8) Importer(815301076,1909f56bfc062723c751e8b465ee728b)
Start importing Assets/Sprites/Idle/pixil-frame-4.png using Guid(e174cf9f65e09ff4c95193ff06f301b8) Importer(815301076,1909f56bfc062723c751e8b465ee728b)  -> (artifact id: '4d26ca93c2144b91786527b1f34f2e02') in 0.029759 seconds 
========================================================================
Received Prepare
Registering precompiled user dll's ...
Registered in 0.009400 seconds.
Begin MonoManager ReloadAssembly
Symbol file LoadedFromMemory doesn't match image C:\Users\anasa\Unity Projects\test_game\Library\PackageCache\com.unity.visualscripting@1.8.0\Editor\VisualScripting.Core\Dependencies\YamlDotNet\Unity.VisualScripting.YamlDotNet.dll
Symbol file LoadedFromMemory doesn't match image C:\Users\anasa\Unity Projects\test_game\Library\PackageCache\com.unity.visualscripting@1.8.0\Editor\VisualScripting.Core\Dependencies\DotNetZip\Unity.VisualScripting.IonicZip.dll
Native extension for WindowsStandalone target not found
Native extension for WebGL target not found
Refreshing native plugins compatible for Editor in 1.04 ms, found 4 plugins.
Preloading 0 native plugins for Editor in 0.00 ms.
Mono: successfully reloaded assembly
- Completed reload, in  3.723 seconds
Domain Reload Profiling:
	ReloadAssembly (3724ms)
		BeginReloadAssembly (262ms)
			ExecutionOrderSort (0ms)
			DisableScriptedObjects (8ms)
			BackupInstance (0ms)
			ReleaseScriptingObjects (0ms)
			CreateAndSetChildDomain (72ms)
		EndReloadAssembly (3235ms)
			LoadAssemblies (242ms)
			RebuildTransferFunctionScriptingTraits (0ms)
			SetupTypeCache (846ms)
			ReleaseScriptCaches (14ms)
			RebuildScriptCaches (182ms)
			SetupLoadedEditorAssemblies (1571ms)
				LogAssemblyErrors (0ms)
				InitializePlatformSupportModulesInManaged (40ms)
				SetLoadedEditorAssemblies (1ms)
				RefreshPlugins (1ms)
				BeforeProcessingInitializeOnLoad (264ms)
				ProcessInitializeOnLoadAttributes (1161ms)
				ProcessInitializeOnLoadMethodAttributes (76ms)
				AfterProcessingInitializeOnLoad (27ms)
				EditorAssembliesLoaded (0ms)
			ExecutionOrderSort2 (0ms)
			AwakeInstancesAfterBackupRestoration (42ms)
Platform modules already initialized, skipping
Refreshing native plugins compatible for Editor in 11.09 ms, found 4 plugins.
Preloading 0 native plugins for Editor in 0.00 ms.
Unloading 4250 Unused Serialized files (Serialized files now loaded: 0)
Unloading 24 unused Assets / (95.3 KB). Loaded Objects now: 4766.
Memory consumption went from 165.3 MB to 165.2 MB.
Total: 31.472900 ms (FindLiveObjects: 1.446600 ms CreateObjectMapping: 1.414600 ms MarkObjects: 28.550500 ms  DeleteObjects: 0.059600 ms)

AssetImportParameters requested are different than current active one (requested -> active):
  custom:video-decoder-ogg-theora: a1e56fd34408186e4bbccfd4996cb3dc -> 
  custom:container-muxer-webm: aa71ff27fc2769a1b78a27578f13a17b -> 
  custom:container-demuxer-webm: 4f35f7cbe854078d1ac9338744f61a02 -> 
  custom:video-encoder-webm-vp8: eb34c28f22e8b96e1ab97ce403110664 -> 
  custom:audio-encoder-webm-vorbis: bf7c407c2cedff20999df2af8eb42d56 -> 
  custom:framework-win-MediaFoundation: 216162199b28c13a410421893ffa2e32 -> 
  custom:container-demuxer-ogg: 62fdf1f143b41e24485cea50d1cbac27 -> 
  custom:video-decoder-webm-vp8: 9c59270c3fd7afecdb556c50c9e8de78 -> 
  custom:audio-decoder-ogg-vorbis: bf7c407c2cedff20999df2af8eb42d56 -> 
========================================================================
Received Prepare
Registering precompiled user dll's ...
Registered in 0.009380 seconds.
Begin MonoManager ReloadAssembly
Symbol file LoadedFromMemory doesn't match image C:\Users\anasa\Unity Projects\test_game\Library\PackageCache\com.unity.visualscripting@1.8.0\Editor\VisualScripting.Core\Dependencies\YamlDotNet\Unity.VisualScripting.YamlDotNet.dll
Symbol file LoadedFromMemory doesn't match image C:\Users\anasa\Unity Projects\test_game\Library\PackageCache\com.unity.visualscripting@1.8.0\Editor\VisualScripting.Core\Dependencies\DotNetZip\Unity.VisualScripting.IonicZip.dll
Native extension for WindowsStandalone target not found
Native extension for WebGL target not found
Refreshing native plugins compatible for Editor in 1.06 ms, found 4 plugins.
Preloading 0 native plugins for Editor in 0.00 ms.
Mono: successfully reloaded assembly
- Completed reload, in  2.050 seconds
Domain Reload Profiling:
	ReloadAssembly (2051ms)
		BeginReloadAssembly (211ms)
			ExecutionOrderSort (0ms)
			DisableScriptedObjects (9ms)
			BackupInstance (0ms)
			ReleaseScriptingObjects (0ms)
			CreateAndSetChildDomain (54ms)
		EndReloadAssembly (1666ms)
			LoadAssemblies (161ms)
			RebuildTransferFunctionScriptingTraits (0ms)
			SetupTypeCache (519ms)
			ReleaseScriptCaches (3ms)
			RebuildScriptCaches (99ms)
			SetupLoadedEditorAssemblies (771ms)
				LogAssemblyErrors (0ms)
				InitializePlatformSupportModulesInManaged (14ms)
				SetLoadedEditorAssemblies (2ms)
				RefreshPlugins (1ms)
				BeforeProcessingInitializeOnLoad (140ms)
				ProcessInitializeOnLoadAttributes (535ms)
				ProcessInitializeOnLoadMethodAttributes (62ms)
				AfterProcessingInitializeOnLoad (17ms)
				EditorAssembliesLoaded (0ms)
			ExecutionOrderSort2 (0ms)
			AwakeInstancesAfterBackupRestoration (18ms)
Platform modules already initialized, skipping
Refreshing native plugins compatible for Editor in 3.71 ms, found 4 plugins.
Preloading 0 native plugins for Editor in 0.00 ms.
Unloading 4250 Unused Serialized files (Serialized files now loaded: 0)
Unloading 24 unused Assets / (95.3 KB). Loaded Objects now: 4781.
Memory consumption went from 165.3 MB to 165.2 MB.
Total: 6.759700 ms (FindLiveObjects: 0.603900 ms CreateObjectMapping: 0.437000 ms MarkObjects: 5.612100 ms  DeleteObjects: 0.105100 ms)

AssetImportParameters requested are different than current active one (requested -> active):
  custom:video-decoder-ogg-theora: a1e56fd34408186e4bbccfd4996cb3dc -> 
  custom:container-muxer-webm: aa71ff27fc2769a1b78a27578f13a17b -> 
  custom:container-demuxer-webm: 4f35f7cbe854078d1ac9338744f61a02 -> 
  custom:video-encoder-webm-vp8: eb34c28f22e8b96e1ab97ce403110664 -> 
  custom:audio-encoder-webm-vorbis: bf7c407c2cedff20999df2af8eb42d56 -> 
  custom:framework-win-MediaFoundation: 216162199b28c13a410421893ffa2e32 -> 
  custom:container-demuxer-ogg: 62fdf1f143b41e24485cea50d1cbac27 -> 
  custom:video-decoder-webm-vp8: 9c59270c3fd7afecdb556c50c9e8de78 -> 
  custom:audio-decoder-ogg-vorbis: bf7c407c2cedff20999df2af8eb42d56 -> 
========================================================================
Received Import Request.
  Time since last request: 227.701909 seconds.
  path: Assets/Sprites/Run/pixil-frame-0.png
  artifactKey: Guid(0d927f38154ccf74ab031ec723eed9ef) Importer(815301076,1909f56bfc062723c751e8b465ee728b)
Start importing Assets/Sprites/Run/pixil-frame-0.png using Guid(0d927f38154ccf74ab031ec723eed9ef) Importer(815301076,1909f56bfc062723c751e8b465ee728b)  -> (artifact id: 'f21f0b0acd469bb7913b6312bdb7427d') in 0.111284 seconds 
========================================================================
Received Import Request.
  Time since last request: 0.000042 seconds.
  path: Assets/Sprites/Run/pixil-frame-6.png
  artifactKey: Guid(9b9b7bf9290787940b39d7c5ce95c270) Importer(815301076,1909f56bfc062723c751e8b465ee728b)
Start importing Assets/Sprites/Run/pixil-frame-6.png using Guid(9b9b7bf9290787940b39d7c5ce95c270) Importer(815301076,1909f56bfc062723c751e8b465ee728b)  -> (artifact id: 'cdeb2147a1a9119d362b2c4eaa0fad67') in 0.034650 seconds 
========================================================================
Received Import Request.
  Time since last request: 0.000062 seconds.
  path: Assets/Sprites/Run/pixil-frame-5.png
  artifactKey: Guid(c20341744b4484f45923f0ac30dc7d36) Importer(815301076,1909f56bfc062723c751e8b465ee728b)
Start importing Assets/Sprites/Run/pixil-frame-5.png using Guid(c20341744b4484f45923f0ac30dc7d36) Importer(815301076,1909f56bfc062723c751e8b465ee728b)  -> (artifact id: 'b05c991ff8f5b2f795a8a78f74382e87') in 0.042869 seconds 
========================================================================
Received Import Request.
  Time since last request: 0.000027 seconds.
  path: Assets/Sprites/Run/pixil-frame-3.png
  artifactKey: Guid(791219bab2fa5d74ea7b89862c27ab57) Importer(815301076,1909f56bfc062723c751e8b465ee728b)
Start importing Assets/Sprites/Run/pixil-frame-3.png using Guid(791219bab2fa5d74ea7b89862c27ab57) Importer(815301076,1909f56bfc062723c751e8b465ee728b)  -> (artifact id: 'e9ed98ba35beea7b02f3757dceb4903b') in 0.029271 seconds 
========================================================================
Received Import Request.
  Time since last request: 0.000105 seconds.
  path: Assets/Sprites/Run/pixil-frame-1.png
  artifactKey: Guid(8811630b2765a854aa0eea9af5e6ff36) Importer(815301076,1909f56bfc062723c751e8b465ee728b)
Start importing Assets/Sprites/Run/pixil-frame-1.png using Guid(8811630b2765a854aa0eea9af5e6ff36) Importer(815301076,1909f56bfc062723c751e8b465ee728b)  -> (artifact id: '6eb6c845bac2d89410f69c5ef7ccecb9') in 0.027950 seconds 
========================================================================
Received Import Request.
  Time since last request: 0.000026 seconds.
  path: Assets/Sprites/Run/pixil-frame-2.png
  artifactKey: Guid(8cf841d2c1627b047b985269aab246cd) Importer(815301076,1909f56bfc062723c751e8b465ee728b)
Start importing Assets/Sprites/Run/pixil-frame-2.png using Guid(8cf841d2c1627b047b985269aab246cd) Importer(815301076,1909f56bfc062723c751e8b465ee728b)  -> (artifact id: 'da1a9dc0e3398e58f63f28e05824d0ae') in 0.030423 seconds 
========================================================================
Received Import Request.
  Time since last request: 0.000034 seconds.
  path: Assets/Sprites/Run/pixil-frame-4.png
  artifactKey: Guid(0a773b24ac5cde340b7a56b4243bc4fe) Importer(815301076,1909f56bfc062723c751e8b465ee728b)
Start importing Assets/Sprites/Run/pixil-frame-4.png using Guid(0a773b24ac5cde340b7a56b4243bc4fe) Importer(815301076,1909f56bfc062723c751e8b465ee728b)  -> (artifact id: '35420561e9c59170c0cfff7b4ac2b90d') in 0.028236 seconds 
========================================================================
Received Import Request.
  Time since last request: 0.000029 seconds.
  path: Assets/Sprites/Run/pixil-frame-7.png
  artifactKey: Guid(e694472788194fe499818f5a8be79f72) Importer(815301076,1909f56bfc062723c751e8b465ee728b)
Start importing Assets/Sprites/Run/pixil-frame-7.png using Guid(e694472788194fe499818f5a8be79f72) Importer(815301076,1909f56bfc062723c751e8b465ee728b)  -> (artifact id: '2f7e47ffe62f6d1dbaff2f4c2b0d0ca9') in 0.033838 seconds 
========================================================================
Received Import Request.
  Time since last request: 0.000048 seconds.
  path: Assets/Sprites/Run/pixil-frame-6 1.png
  artifactKey: Guid(583510ee38d3f1f45a5b829de658d465) Importer(815301076,1909f56bfc062723c751e8b465ee728b)
Start importing Assets/Sprites/Run/pixil-frame-6 1.png using Guid(583510ee38d3f1f45a5b829de658d465) Importer(815301076,1909f56bfc062723c751e8b465ee728b)  -> (artifact id: '50eb6fd25c577210cfa0bcd74c8026bb') in 0.034122 seconds 
========================================================================
Received Import Request.
  Time since last request: 6.609018 seconds.
  path: Assets/Sprites/Run/Move.anim
  artifactKey: Guid(8428e427f79ada54faf3c23cce46614d) Importer(815301076,1909f56bfc062723c751e8b465ee728b)
Start importing Assets/Sprites/Run/Move.anim using Guid(8428e427f79ada54faf3c23cce46614d) Importer(815301076,1909f56bfc062723c751e8b465ee728b)  -> (artifact id: '312d8cd7b796ce87a80763c1e7827056') in 0.021094 seconds 
========================================================================
Received Import Request.
  Time since last request: 129.367824 seconds.
  path: Assets/Prefab/AfterImage.prefab
  artifactKey: Guid(843b39f3c98f3e94cb92a0dce34bfa68) Importer(815301076,1909f56bfc062723c751e8b465ee728b)
Start importing Assets/Prefab/AfterImage.prefab using Guid(843b39f3c98f3e94cb92a0dce34bfa68) Importer(815301076,1909f56bfc062723c751e8b465ee728b)  -> (artifact id: '9bbe65b1c9d655d83569c12dbe223139') in 0.040251 seconds 
========================================================================
Received Prepare
Registering precompiled user dll's ...
Registered in 0.010100 seconds.
Begin MonoManager ReloadAssembly
Symbol file LoadedFromMemory doesn't match image C:\Users\anasa\Unity Projects\test_game\Library\PackageCache\com.unity.visualscripting@1.8.0\Editor\VisualScripting.Core\Dependencies\YamlDotNet\Unity.VisualScripting.YamlDotNet.dll
Symbol file LoadedFromMemory doesn't match image C:\Users\anasa\Unity Projects\test_game\Library\PackageCache\com.unity.visualscripting@1.8.0\Editor\VisualScripting.Core\Dependencies\DotNetZip\Unity.VisualScripting.IonicZip.dll
Native extension for WindowsStandalone target not found
Native extension for WebGL target not found
Refreshing native plugins compatible for Editor in 1.12 ms, found 4 plugins.
Preloading 0 native plugins for Editor in 0.00 ms.
Mono: successfully reloaded assembly
- Completed reload, in  2.971 seconds
Domain Reload Profiling:
	ReloadAssembly (2975ms)
		BeginReloadAssembly (222ms)
			ExecutionOrderSort (0ms)
			DisableScriptedObjects (9ms)
			BackupInstance (0ms)
			ReleaseScriptingObjects (0ms)
			CreateAndSetChildDomain (64ms)
		EndReloadAssembly (2556ms)
			LoadAssemblies (167ms)
			RebuildTransferFunctionScriptingTraits (0ms)
			SetupTypeCache (628ms)
			ReleaseScriptCaches (5ms)
			RebuildScriptCaches (115ms)
			SetupLoadedEditorAssemblies (1353ms)
				LogAssemblyErrors (0ms)
				InitializePlatformSupportModulesInManaged (19ms)
				SetLoadedEditorAssemblies (1ms)
				RefreshPlugins (1ms)
				BeforeProcessingInitializeOnLoad (254ms)
				ProcessInitializeOnLoadAttributes (969ms)
				ProcessInitializeOnLoadMethodAttributes (89ms)
				AfterProcessingInitializeOnLoad (20ms)
				EditorAssembliesLoaded (0ms)
			ExecutionOrderSort2 (0ms)
			AwakeInstancesAfterBackupRestoration (24ms)
Platform modules already initialized, skipping
Refreshing native plugins compatible for Editor in 7.12 ms, found 4 plugins.
Preloading 0 native plugins for Editor in 0.00 ms.
Unloading 4250 Unused Serialized files (Serialized files now loaded: 0)
Unloading 24 unused Assets / (95.3 KB). Loaded Objects now: 4796.
Memory consumption went from 165.4 MB to 165.3 MB.
Total: 6.986800 ms (FindLiveObjects: 0.542800 ms CreateObjectMapping: 0.467500 ms MarkObjects: 5.914400 ms  DeleteObjects: 0.060400 ms)

AssetImportParameters requested are different than current active one (requested -> active):
  custom:video-decoder-ogg-theora: a1e56fd34408186e4bbccfd4996cb3dc -> 
  custom:container-muxer-webm: aa71ff27fc2769a1b78a27578f13a17b -> 
  custom:container-demuxer-webm: 4f35f7cbe854078d1ac9338744f61a02 -> 
  custom:video-encoder-webm-vp8: eb34c28f22e8b96e1ab97ce403110664 -> 
  custom:audio-encoder-webm-vorbis: bf7c407c2cedff20999df2af8eb42d56 -> 
  custom:framework-win-MediaFoundation: 216162199b28c13a410421893ffa2e32 -> 
  custom:container-demuxer-ogg: 62fdf1f143b41e24485cea50d1cbac27 -> 
  custom:video-decoder-webm-vp8: 9c59270c3fd7afecdb556c50c9e8de78 -> 
  custom:audio-decoder-ogg-vorbis: bf7c407c2cedff20999df2af8eb42d56 -> 
========================================================================
Received Prepare
Registering precompiled user dll's ...
Registered in 0.009824 seconds.
Begin MonoManager ReloadAssembly
Symbol file LoadedFromMemory doesn't match image C:\Users\anasa\Unity Projects\test_game\Library\PackageCache\com.unity.visualscripting@1.8.0\Editor\VisualScripting.Core\Dependencies\YamlDotNet\Unity.VisualScripting.YamlDotNet.dll
Symbol file LoadedFromMemory doesn't match image C:\Users\anasa\Unity Projects\test_game\Library\PackageCache\com.unity.visualscripting@1.8.0\Editor\VisualScripting.Core\Dependencies\DotNetZip\Unity.VisualScripting.IonicZip.dll
Native extension for WindowsStandalone target not found
Native extension for WebGL target not found
Refreshing native plugins compatible for Editor in 2.09 ms, found 4 plugins.
Preloading 0 native plugins for Editor in 0.00 ms.
Mono: successfully reloaded assembly
- Completed reload, in  3.084 seconds
Domain Reload Profiling:
	ReloadAssembly (3086ms)
		BeginReloadAssembly (214ms)
			ExecutionOrderSort (0ms)
			DisableScriptedObjects (9ms)
			BackupInstance (0ms)
			ReleaseScriptingObjects (0ms)
			CreateAndSetChildDomain (59ms)
		EndReloadAssembly (2711ms)
			LoadAssemblies (155ms)
			RebuildTransferFunctionScriptingTraits (0ms)
			SetupTypeCache (799ms)
			ReleaseScriptCaches (7ms)
			RebuildScriptCaches (187ms)
			SetupLoadedEditorAssemblies (1287ms)
				LogAssemblyErrors (0ms)
				InitializePlatformSupportModulesInManaged (23ms)
				SetLoadedEditorAssemblies (2ms)
				RefreshPlugins (3ms)
				BeforeProcessingInitializeOnLoad (227ms)
				ProcessInitializeOnLoadAttributes (903ms)
				ProcessInitializeOnLoadMethodAttributes (113ms)
				AfterProcessingInitializeOnLoad (16ms)
				EditorAssembliesLoaded (0ms)
			ExecutionOrderSort2 (0ms)
			AwakeInstancesAfterBackupRestoration (37ms)
Platform modules already initialized, skipping
Refreshing native plugins compatible for Editor in 8.73 ms, found 4 plugins.
Preloading 0 native plugins for Editor in 0.00 ms.
Unloading 4250 Unused Serialized files (Serialized files now loaded: 0)
Unloading 24 unused Assets / (95.3 KB). Loaded Objects now: 4811.
Memory consumption went from 165.4 MB to 165.3 MB.
Total: 8.574300 ms (FindLiveObjects: 0.658200 ms CreateObjectMapping: 1.259400 ms MarkObjects: 6.533700 ms  DeleteObjects: 0.120600 ms)

AssetImportParameters requested are different than current active one (requested -> active):
  custom:video-decoder-ogg-theora: a1e56fd34408186e4bbccfd4996cb3dc -> 
  custom:container-muxer-webm: aa71ff27fc2769a1b78a27578f13a17b -> 
  custom:container-demuxer-webm: 4f35f7cbe854078d1ac9338744f61a02 -> 
  custom:video-encoder-webm-vp8: eb34c28f22e8b96e1ab97ce403110664 -> 
  custom:audio-encoder-webm-vorbis: bf7c407c2cedff20999df2af8eb42d56 -> 
  custom:framework-win-MediaFoundation: 216162199b28c13a410421893ffa2e32 -> 
  custom:container-demuxer-ogg: 62fdf1f143b41e24485cea50d1cbac27 -> 
  custom:video-decoder-webm-vp8: 9c59270c3fd7afecdb556c50c9e8de78 -> 
  custom:audio-decoder-ogg-vorbis: bf7c407c2cedff20999df2af8eb42d56 -> 
========================================================================
Received Import Request.
  Time since last request: 1928.074501 seconds.
  path: Assets/Sprites/pixil-frame-0 (2).png
  artifactKey: Guid(f1be0dadb249c5643a85f44351cf0f5d) Importer(815301076,1909f56bfc062723c751e8b465ee728b)
Start importing Assets/Sprites/pixil-frame-0 (2).png using Guid(f1be0dadb249c5643a85f44351cf0f5d) Importer(815301076,1909f56bfc062723c751e8b465ee728b)  -> (artifact id: 'c826099feaf177d3bd7a1f29d7d3ae85') in 0.144051 seconds 
========================================================================
Received Import Request.
  Time since last request: 13.916983 seconds.
  path: Assets/Sprites/pixil-frame-0 (2).png
  artifactKey: Guid(f1be0dadb249c5643a85f44351cf0f5d) Importer(815301076,1909f56bfc062723c751e8b465ee728b)
Start importing Assets/Sprites/pixil-frame-0 (2).png using Guid(f1be0dadb249c5643a85f44351cf0f5d) Importer(815301076,1909f56bfc062723c751e8b465ee728b)  -> (artifact id: 'ce3ab0e5ad76f1de5cf28cbde7b34b2a') in 0.046461 seconds 
========================================================================
Received Import Request.
  Time since last request: 32.197008 seconds.
  path: Assets/Sprites/pixil-frame-0 (2).png
  artifactKey: Guid(f1be0dadb249c5643a85f44351cf0f5d) Importer(815301076,1909f56bfc062723c751e8b465ee728b)
Start importing Assets/Sprites/pixil-frame-0 (2).png using Guid(f1be0dadb249c5643a85f44351cf0f5d) Importer(815301076,1909f56bfc062723c751e8b465ee728b)  -> (artifact id: 'dfdded5638d35f162b8bb5d33133587c') in 0.043669 seconds 
========================================================================
Received Import Request.
  Time since last request: 11.995872 seconds.
  path: Assets/Sprites/pixil-frame-0 (2).png
  artifactKey: Guid(f1be0dadb249c5643a85f44351cf0f5d) Importer(815301076,1909f56bfc062723c751e8b465ee728b)
Start importing Assets/Sprites/pixil-frame-0 (2).png using Guid(f1be0dadb249c5643a85f44351cf0f5d) Importer(815301076,1909f56bfc062723c751e8b465ee728b)  -> (artifact id: '26838814b2343bef8121aefe03b2286c') in 0.042900 seconds 
========================================================================
Received Import Request.
  Time since last request: 22.411705 seconds.
  path: Assets/Sprites/pixil-frame-0 (2).png
  artifactKey: Guid(f1be0dadb249c5643a85f44351cf0f5d) Importer(815301076,1909f56bfc062723c751e8b465ee728b)
Start importing Assets/Sprites/pixil-frame-0 (2).png using Guid(f1be0dadb249c5643a85f44351cf0f5d) Importer(815301076,1909f56bfc062723c751e8b465ee728b)  -> (artifact id: 'a4145bfc3445b8eae6659b0a4f652e96') in 0.053945 seconds 
========================================================================
Received Import Request.
  Time since last request: 45.548127 seconds.
  path: Assets/Sprites/pixil-frame-0 (2).png
  artifactKey: Guid(f1be0dadb249c5643a85f44351cf0f5d) Importer(815301076,1909f56bfc062723c751e8b465ee728b)
Start importing Assets/Sprites/pixil-frame-0 (2).png using Guid(f1be0dadb249c5643a85f44351cf0f5d) Importer(815301076,1909f56bfc062723c751e8b465ee728b)  -> (artifact id: 'b5dcda84d8d91556c0fa08492f7d0940') in 0.046473 seconds 
========================================================================
Received Import Request.
  Time since last request: 15.219159 seconds.
  path: Assets/Sprites/pixil-frame-0 (2).png
  artifactKey: Guid(f1be0dadb249c5643a85f44351cf0f5d) Importer(815301076,1909f56bfc062723c751e8b465ee728b)
Start importing Assets/Sprites/pixil-frame-0 (2).png using Guid(f1be0dadb249c5643a85f44351cf0f5d) Importer(815301076,1909f56bfc062723c751e8b465ee728b)  -> (artifact id: 'f43c54ae64c50066fe6e889e638510b4') in 0.043370 seconds 
========================================================================
Received Import Request.
  Time since last request: 80.466241 seconds.
  path: Assets/Animation/Player
  artifactKey: Guid(874347304b1b90245a325e45b45ae69a) Importer(815301076,1909f56bfc062723c751e8b465ee728b)
Start importing Assets/Animation/Player using Guid(874347304b1b90245a325e45b45ae69a) Importer(815301076,1909f56bfc062723c751e8b465ee728b)  -> (artifact id: 'c6a46f9d968cb36a04a541b0f35aced0') in 0.019883 seconds 
